#
# A fatal error has been detected by the Java Runtime Environment:
#
#  SIGSEGV (0xb) at pc=0x000000010709af84, pid=19907, tid=259
#
# JRE version: OpenJDK Runtime Environment (17.0.2+8) (build 17.0.2+8-86)
# Java VM: OpenJDK 64-Bit Server VM (17.0.2+8-86, mixed mode, sharing, tiered, compressed oops, compressed class ptrs, g1 gc, bsd-amd64)
# Problematic frame:
# V  [libjvm.dylib+0x1c8f84]  _ZN14AccessInternal19PostRuntimeDispatchIN12G1BarrierSet13AccessBarrierILy1335398ES1_EELNS_11BarrierTypeE3ELy1335398EE18oop_access_barrierEP7oopDescl+0x4
#
# No core dump will be written. Core dumps have been disabled. To enable core dumping, try "ulimit -c unlimited" before starting Java again
#
# If you would like to submit a bug report, please visit:
#   https://bugreport.java.com/bugreport/crash.jsp
#

---------------  S U M M A R Y ------------

Command Line: -javaagent:/Applications/IntelliJ IDEA.app/Contents/lib/idea_rt.jar=52350:/Applications/IntelliJ IDEA.app/Contents/bin -Dfile.encoding=UTF-8 --module-path=/Users/dierumurzakov/.m2/repository/eu/hansolo/tilesfx/11.48/tilesfx-11.48.jar:/Users/dierumurzakov/.m2/repository/org/openjfx/javafx-media/17.0.1/javafx-media-17.0.1-mac.jar:/Users/dierumurzakov/.m2/repository/com/dlsc/formsfx/formsfx-core/11.3.2/formsfx-core-11.3.2.jar:/Users/dierumurzakov/.m2/repository/org/controlsfx/controlsfx/11.1.0/controlsfx-11.1.0.jar:/Users/dierumurzakov/.m2/repository/org/kordamp/ikonli/ikonli-javafx/12.2.0/ikonli-javafx-12.2.0.jar:/Users/dierumurzakov/.m2/repository/org/kordamp/bootstrapfx/bootstrapfx-core/0.4.0/bootstrapfx-core-0.4.0.jar:/Users/dierumurzakov/.m2/repository/net/synedra/validatorfx/0.1.13/validatorfx-0.1.13.jar:/Users/dierumurzakov/IdeaProjects/CourseProject2/target/classes:/Users/dierumurzakov/.m2/repository/org/openjfx/javafx-controls/17.0.1/javafx-controls-17.0.1-mac.jar:/Users/dierumurzakov/.m2/repository/org/kordamp/ikonli/ikonli-core/12.2.0/ikonli-core-12.2.0.jar:/Users/dierumurzakov/.m2/repository/org/openjfx/javafx-base/17.0.1/javafx-base-17.0.1-mac.jar:/Users/dierumurzakov/.m2/repository/org/openjfx/javafx-graphics/17.0.1/javafx-graphics-17.0.1-mac.jar:/Users/dierumurzakov/.m2/repository/org/openjfx/javafx-fxml/17.0.1/javafx-fxml-17.0.1-mac.jar:/Users/dierumurzakov/.m2/repository/org/openjfx/javafx-web/17.0.1/javafx-web-17.0.1-mac.jar -Djdk.module.main=com.example.courseproject2 com.example.courseproject2/com.example.courseproject2.App

Host: "MacBookPro14,1" x86_64 2300 MHz, 4 cores, 8G, Darwin 21.4.0, macOS 12.3.1 (21E258)
Time: Thu May 12 23:03:08 2022 +06 elapsed time: 0.639462 seconds (0d 0h 0m 0s)

---------------  T H R E A D  ---------------

Current thread (0x00007fbd6f850600):  JavaThread "JavaFX Application Thread" [_thread_in_vm, id=259, stack(0x00007ff7b99c9000,0x00007ff7ba1c9000)]

Stack: [0x00007ff7b99c9000,0x00007ff7ba1c9000],  sp=0x00007ff7ba1c42e0,  free space=8172k
Native frames: (J=compiled Java code, j=interpreted, Vv=VM code, C=native code)
V  [libjvm.dylib+0x1c8f84]  _ZN14AccessInternal19PostRuntimeDispatchIN12G1BarrierSet13AccessBarrierILy1335398ES1_EELNS_11BarrierTypeE3ELy1335398EE18oop_access_barrierEP7oopDescl+0x4
V  [libjvm.dylib+0x9b5bc7]  _ZL26unpack_method_and_appendix6HandleP5Klass14objArrayHandlePS_P10JavaThread+0x57
V  [libjvm.dylib+0x9b6913]  _ZN16SystemDictionary23invoke_bootstrap_methodER13BootstrapInfoP10JavaThread+0x383
V  [libjvm.dylib+0x71947e]  _ZN12LinkResolver20resolve_dynamic_callER8CallInfoR13BootstrapInfoP10JavaThread+0x1e
V  [libjvm.dylib+0x718e80]  _ZN12LinkResolver21resolve_invokedynamicER8CallInfoRK18constantPoolHandleiP10JavaThread+0x80
V  [libjvm.dylib+0x4fffa4]  _ZN18InterpreterRuntime21resolve_invokedynamicEP10JavaThread+0x174
V  [libjvm.dylib+0x500087]  _ZN18InterpreterRuntime18resolve_from_cacheEP10JavaThreadN9Bytecodes4CodeE+0x77
j  com.sun.javafx.tk.quantum.QuantumRenderer.createResourceFactory()V+10 javafx.graphics
j  com.sun.javafx.tk.quantum.QuantumToolkit.runToolkit()V+40 javafx.graphics
j  com.sun.javafx.tk.quantum.QuantumToolkit.lambda$startup$10()V+1 javafx.graphics
j  com.sun.javafx.tk.quantum.QuantumToolkit$$Lambda$93+0x0000000800c2b988.run()V+4 javafx.graphics
j  com.sun.glass.ui.Application.lambda$run$1(Ljava/lang/Runnable;)V+4 javafx.graphics
j  com.sun.glass.ui.Application$$Lambda$98+0x0000000800c308f0.run()V+4 javafx.graphics
j  com.sun.glass.ui.mac.MacApplication.lambda$runLoop$3(Ljava/lang/Runnable;)V+12 javafx.graphics
j  com.sun.glass.ui.mac.MacApplication$$Lambda$99+0x0000000800c30b18.run()V+8 javafx.graphics
v  ~StubRoutines::call_stub
V  [libjvm.dylib+0x506501]  _ZN9JavaCalls11call_helperEP9JavaValueRK12methodHandleP17JavaCallArgumentsP10JavaThread+0x2a1
V  [libjvm.dylib+0x55fe96]  _ZL20jni_invoke_nonstaticP7JNIEnv_P9JavaValueP8_jobject11JNICallTypeP10_jmethodIDP18JNI_ArgumentPusherP10JavaThread+0x2d6
V  [libjvm.dylib+0x564376]  jni_CallVoidMethod+0x1a6
C  [libglass.dylib+0x8582]  -[GlassApplication applicationWillFinishLaunching:]+0x192
C  [CoreFoundation+0x7503c]  __CFNOTIFICATIONCENTER_IS_CALLING_OUT_TO_AN_OBSERVER__+0xc
C  [CoreFoundation+0x112592]  ___CFXRegistrationPost_block_invoke+0x31
C  [CoreFoundation+0x112510]  _CFXRegistrationPost+0x1f0
C  [CoreFoundation+0x46ca8]  _CFXNotificationPost+0x2df
C  [Foundation+0x990e]  -[NSNotificationCenter postNotificationName:object:userInfo:]+0x52
C  [AppKit+0x2f54f]  -[NSApplication finishLaunching]+0x147
C  [AppKit+0x2f159]  -[NSApplication run]+0xfa
C  [libglass.dylib+0xa2a5]  -[GlassApplication runLoop:]+0x795
C  [Foundation+0x81857]  __NSThreadPerformPerform+0xb3
C  [CoreFoundation+0x7faeb]  __CFRUNLOOP_IS_CALLING_OUT_TO_A_SOURCE0_PERFORM_FUNCTION__+0x11
C  [CoreFoundation+0x7fa53]  __CFRunLoopDoSource0+0xb4
C  [CoreFoundation+0x7f7cd]  __CFRunLoopDoSources0+0xf2
C  [CoreFoundation+0x7e1e8]  __CFRunLoopRun+0x37c
C  [CoreFoundation+0x7d7ac]  CFRunLoopRunSpecific+0x232
C  [libjli.dylib+0x70b2]  CreateExecutionEnvironment+0x182
C  [libjli.dylib+0x2c15]  JLI_Launch+0x585
C  [java+0x3c11]  main+0x191
C  0x000000010d7ec51e

Java frames: (J=compiled Java code, j=interpreted, Vv=VM code)
j  com.sun.javafx.tk.quantum.QuantumRenderer.createResourceFactory()V+10 javafx.graphics
j  com.sun.javafx.tk.quantum.QuantumToolkit.runToolkit()V+40 javafx.graphics
j  com.sun.javafx.tk.quantum.QuantumToolkit.lambda$startup$10()V+1 javafx.graphics
j  com.sun.javafx.tk.quantum.QuantumToolkit$$Lambda$93+0x0000000800c2b988.run()V+4 javafx.graphics
j  com.sun.glass.ui.Application.lambda$run$1(Ljava/lang/Runnable;)V+4 javafx.graphics
j  com.sun.glass.ui.Application$$Lambda$98+0x0000000800c308f0.run()V+4 javafx.graphics
j  com.sun.glass.ui.mac.MacApplication.lambda$runLoop$3(Ljava/lang/Runnable;)V+12 javafx.graphics
j  com.sun.glass.ui.mac.MacApplication$$Lambda$99+0x0000000800c30b18.run()V+8 javafx.graphics
v  ~StubRoutines::call_stub

siginfo: si_signo: 11 (SIGSEGV), si_code: 1 (SEGV_MAPERR), si_addr: 0x000000010000000f

Register to memory mapping:

RAX=0x0000000107b710f9: UseCompressedClassPointers+0 in /Users/dierumurzakov/Library/Java/JavaVirtualMachines/openjdk-17.0.2/Contents/Home/lib/server/libjvm.dylib at 0x0000000106ed2000
RBX=0x00007ff7ba1c4370 is pointing into the stack for thread: 0x00007fbd6f850600
RCX=0x0 is NULL
RDX=4043210741 is a compressed pointer to object: java.lang.invoke.ResolvedMethodName 
{0x0000000787f3ffa8} - klass: 'java/lang/invoke/ResolvedMethodName'
 - ---- fields (total size 3 words):
RSP=0x00007ff7ba1c42e0 is pointing into the stack for thread: 0x00007fbd6f850600
RBP=0x00007ff7ba1c42e0 is pointing into the stack for thread: 0x00007fbd6f850600
RSI=0x0000000000000010 is an unknown value
RDI=0x00000000ffffffff is an unknown value
R8 =0x00007fbd6f850600 is a thread
R9 =0x0000000105eb1000 points into unknown readable memory: 0x0100050403020100 | 00 01 02 03 04 05 00 01
R10=0x0000000107b91790: _ZN19TemplateInterpreter13_active_tableE+0x4000 in /Users/dierumurzakov/Library/Java/JavaVirtualMachines/openjdk-17.0.2/Contents/Home/lib/server/libjvm.dylib at 0x0000000106ed2000
R11=0x000000011569bf80 is at entry_point+32 in (nmethod*)0x000000011569bd90
R12=0x00007fbd6f850600 is a thread
R13=0x00007fbd6f1a0a60 points into unknown readable memory: 0x00007fbd6e82f0d0 | d0 f0 82 6e bd 7f 00 00
R14=0x0000000800c1c230 is a pointer to class: 
com.sun.javafx.tk.quantum.QuantumRenderer {0x0000000800c1c230}
 - instance size:     11
 - klass size:        127
 - access:            final synchronized 
 - state:             fully_initialized
 - name:              'com/sun/javafx/tk/quantum/QuantumRenderer'
 - super:             'java/util/concurrent/ThreadPoolExecutor'
 - sub:               
 - arrays:            NULL
 - methods:           Array<T>(0x000000010c4a69b8)
 - method ordering:   Array<T>(0x000000080091a8f8)
 - default_methods:   Array<T>(0x0000000000000000)
 - local interfaces:  Array<T>(0x00000008005d7608)
 - trans. interfaces: Array<T>(0x0000000800920f20)
 - constants:         constant pool [372]/operands[50] {0x000000010c4a5c48} for 'com/sun/javafx/tk/quantum/QuantumRenderer' cache=0x000000010c4a8000
 - class loader data:  loader data: 0x0000600002b20320 for instance a 'jdk/internal/loader/ClassLoaders$AppClassLoader'{0x0000000787f1a658}
 - source file:       'QuantumRenderer.java'
 - class annotations:       Array<T>(0x0000000000000000)
 - class type annotations:  Array<T>(0x0000000000000000)
 - field annotations:       Array<T>(0x0000000000000000)
 - field type annotations:  Array<T>(0x0000000000000000)
 - inner classes:     Array<T>(0x000000010c4a7850)
 - nest members:     Array<T>(0x000000010c4a7878)
 - permitted subclasses:     Array<T>(0x00000008005d7598)
 - java mirror:       a 'java/lang/Class'{0x0000000787634a08} = 'com/sun/javafx/tk/quantum/QuantumRenderer'
 - vtable length      49  (start addr: 0x0000000800c1c400)
 - itable length      19 (start addr: 0x0000000800c1c588)
 - ---- static fields (1 words):
 - private static 'usePurgatory' 'Z' @116 
 - private static final 'instanceReference' 'Ljava/util/concurrent/atomic/AtomicReference;' @112 
 - static final synthetic '$assertionsDisabled' 'Z' @117 
 - ---- non-static fields (18 words):
 - private 'largestPoolSize' 'I' @12 
 - private 'completedTaskCount' 'J' @16 
 - private volatile 'keepAliveTime' 'J' @24 
 - private volatile 'corePoolSize' 'I' @32 
 - private volatile 'maximumPoolSize' 'I' @36 
 - private volatile 'allowCoreThreadTimeOut' 'Z' @40 
 - private final 'ctl' 'Ljava/util/concurrent/atomic/AtomicInteger;' @44 
 - private final 'workQueue' 'Ljava/util/concurrent/BlockingQueue;' @48 
 - private final 'mainLock' 'Ljava/util/concurrent/locks/ReentrantLock;' @52 
 - private final 'workers' 'Ljava/util/HashSet;' @56 
 - private final 'termination' 'Ljava/util/concurrent/locks/Condition;' @60 
 - private volatile 'threadFactory' 'Ljava/util/concurrent/ThreadFactory;' @64 
 - private volatile 'handler' 'Ljava/util/concurrent/RejectedExecutionHandler;' @68 
 - private '_renderer' 'Ljava/lang/Thread;' @72 
 - private '_initThrowable' 'Ljava/lang/Throwable;' @76 
 - private 'initLatch' 'Ljava/util/concurrent/CountDownLatch;' @80 
 - non-static oop maps: 44-80 
R15={method} {0x00000008000f0890} 'linkToTargetMethod' '(Ljava/lang/Object;Ljava/lang/Object;)Ljava/lang/Object;' in 'java/lang/invoke/Invokers$Holder'


Registers:
RAX=0x0000000107b710f9, RBX=0x00007ff7ba1c4370, RCX=0x0000000000000000, RDX=0x00000000f0fe7ff5
RSP=0x00007ff7ba1c42e0, RBP=0x00007ff7ba1c42e0, RSI=0x0000000000000010, RDI=0x00000000ffffffff
R8 =0x00007fbd6f850600, R9 =0x0000000105eb1000, R10=0x0000000107b91790, R11=0x000000011569bf80
R12=0x00007fbd6f850600, R13=0x00007fbd6f1a0a60, R14=0x0000000800c1c230, R15=0x00000008000f0890
RIP=0x000000010709af84, EFLAGS=0x0000000000010202, ERR=0x0000000000000004
  TRAPNO=0x000000000000000e

Top of Stack: (sp=0x00007ff7ba1c42e0)
0x00007ff7ba1c42e0:   00007ff7ba1c4330 0000000107887bc7
0x00007ff7ba1c42f0:   00000008000dc768 00007fbd6f850600
0x00007ff7ba1c4300:   00007ff7ba1c4380 00007fbd6f850600
0x00007ff7ba1c4310:   0000600000f11dc0 0000000787f3ff78
0x00007ff7ba1c4320:   00007ff7ba1c4510 00000000ffffffbb
0x00007ff7ba1c4330:   00007ff7ba1c4430 0000000107888913
0x00007ff7ba1c4340:   a364d8c9d0640063 0000000800c29598
0x00007ff7ba1c4350:   000000010000000c 0000000787f3ff78
0x00007ff7ba1c4360:   0000000800c1c230 0000000800c29598
0x00007ff7ba1c4370:   0000000000000000 00007fbd6f1a0a60
0x00007ff7ba1c4380:   00000000000003d8 0000000787634a08
0x00007ff7ba1c4390:   000000010000002a 0000000787902670
0x00007ff7ba1c43a0:   000000078730d448 000000078730d490
0x00007ff7ba1c43b0:   000000078730d538 0000000787311628
0x00007ff7ba1c43c0:   a364d8c9d0640063 0101010101000101
0x00007ff7ba1c43d0:   00007ff7ba1c4301 00007ff7ba1c4388
0x00007ff7ba1c43e0:   00007ff7ba1c43c9 0000000800000007
0x00007ff7ba1c43f0:   00000000ffffff00 0000000000000000
0x00007ff7ba1c4400:   a364d8c9d0640063 00007fbd6f850600
0x00007ff7ba1c4410:   0000000000000000 000000010c4a6c7a
0x00007ff7ba1c4420:   00007ff7ba1c45f0 00007ff7ba1c4510
0x00007ff7ba1c4430:   00007ff7ba1c4460 00000001075eb47e
0x00007ff7ba1c4440:   0000000000000000 00007ff7ba1c4510
0x00007ff7ba1c4450:   00007fbd6f850600 00007ff7ba1c45f0
0x00007ff7ba1c4460:   00007ff7ba1c45b0 00000001075eae80
0x00007ff7ba1c4470:   00000000fffffffe 00007fbd6f850600
0x00007ff7ba1c4480:   00007ff7ba1c4520 00007fbd6f850600
0x00007ff7ba1c4490:   00007ff7ba1c44e0 00000001071e0d2f
0x00007ff7ba1c44a0:   00007ff7ba1c44e0 00000001075e5994
0x00007ff7ba1c44b0:   a364d8c9d0640063 0000600001a689c0
0x00007ff7ba1c44c0:   00007ff7ba1c4660 00007ff7ba1c4520
0x00007ff7ba1c44d0:   0000000000000000 00007fbd6f850600 

Instructions: (pc=0x000000010709af84)
0x000000010709ae84:   2e 0f 1f 84 00 00 00 00 00 0f 1f 00 55 48 89 e5
0x000000010709ae94:   41 56 53 49 89 f6 48 89 fb 48 8d 0d 54 62 ad 00
0x000000010709aea4:   48 8d 05 85 95 ac 00 48 8b 00 8b 40 10 ff c8 80
0x000000010709aeb4:   39 00 74 10 83 f8 04 73 1f 48 98 48 8d 0d 5a 72
0x000000010709aec4:   a4 00 eb 0e 83 f8 04 73 0f 48 98 48 8d 0d 6a 72
0x000000010709aed4:   a4 00 48 8b 04 c1 eb 26 48 8d 35 6d 0c 91 00 48
0x000000010709aee4:   8d 0d 94 0c 91 00 bf 00 00 00 e0 ba e9 00 00 00
0x000000010709aef4:   31 c0 e8 a5 72 18 00 e8 90 d4 6b 00 31 c0 48 89
0x000000010709af04:   05 77 53 a9 00 48 89 df 4c 89 f6 5b 41 5e 5d ff
0x000000010709af14:   e0 66 2e 0f 1f 84 00 00 00 00 00 90 55 48 89 e5
0x000000010709af24:   8b 14 37 48 8d 35 62 4b a9 00 8a 4e 08 48 89 d0
0x000000010709af34:   48 d3 e0 48 03 06 48 85 d2 48 0f 44 c2 5d c3 66
0x000000010709af44:   2e 0f 1f 84 00 00 00 00 00 0f 1f 00 55 48 89 e5
0x000000010709af54:   8b 14 37 48 8d 35 32 4b a9 00 8a 4e 08 48 89 d0
0x000000010709af64:   48 d3 e0 48 03 06 48 85 d2 48 0f 44 c2 5d c3 66
0x000000010709af74:   2e 0f 1f 84 00 00 00 00 00 0f 1f 00 55 48 89 e5
0x000000010709af84:   8b 14 37 48 8d 35 02 4b a9 00 8a 4e 08 48 89 d0
0x000000010709af94:   48 d3 e0 48 03 06 48 85 d2 48 0f 44 c2 5d c3 66
0x000000010709afa4:   2e 0f 1f 84 00 00 00 00 00 0f 1f 00 55 48 89 e5
0x000000010709afb4:   41 57 41 56 53 50 8b 04 37 48 8d 15 cc 4a a9 00
0x000000010709afc4:   8a 4a 08 48 89 c3 48 d3 e3 48 03 1a 48 85 c0 48
0x000000010709afd4:   0f 44 d8 4c 8d 3d aa 6c b0 00 49 85 1f 74 4d 49
0x000000010709afe4:   89 fe 49 01 f6 48 89 df e8 4f 8a 8d 00 48 89 c1
0x000000010709aff4:   4d 85 f6 74 34 48 85 c9 74 2f 48 89 d8 f0 49 0f
0x000000010709b004:   b1 0e 48 39 d8 74 22 48 89 c2 66 90 49 85 17 74
0x000000010709b014:   03 48 89 d3 74 13 48 89 d8 f0 49 0f b1 0e 48 39
0x000000010709b024:   d8 48 89 d3 48 89 c2 75 e3 48 89 cb 48 89 d8 48
0x000000010709b034:   83 c4 08 5b 41 5e 41 5f 5d c3 66 90 55 48 89 e5
0x000000010709b044:   48 8b 04 37 5d c3 66 0f 1f 44 00 00 55 48 89 e5
0x000000010709b054:   48 8b 04 37 5d c3 66 0f 1f 44 00 00 55 48 89 e5
0x000000010709b064:   48 8b 04 37 5d c3 66 0f 1f 44 00 00 55 48 89 e5
0x000000010709b074:   41 57 41 56 53 50 48 8b 1c 37 4c 8d 3d 03 6c b0 


Stack slot to memory mapping:
stack at sp + 0 slots: 0x00007ff7ba1c4330 is pointing into the stack for thread: 0x00007fbd6f850600
stack at sp + 1 slots: 0x0000000107887bc7: _ZL26unpack_method_and_appendix6HandleP5Klass14objArrayHandlePS_P10JavaThread+0x57 in /Users/dierumurzakov/Library/Java/JavaVirtualMachines/openjdk-17.0.2/Contents/Home/lib/server/libjvm.dylib at 0x0000000106ed2000
stack at sp + 2 slots: {method} {0x00000008000dc768} 'linkCallSite' '(Ljava/lang/Object;ILjava/lang/Object;Ljava/lang/Object;Ljava/lang/Object;Ljava/lang/Object;[Ljava/lang/Object;)Ljava/lang/invoke/MemberName;' in 'java/lang/invoke/MethodHandleNatives'
stack at sp + 3 slots: 0x00007fbd6f850600 is a thread
stack at sp + 4 slots: 0x00007ff7ba1c4380 is pointing into the stack for thread: 0x00007fbd6f850600
stack at sp + 5 slots: 0x00007fbd6f850600 is a thread
stack at sp + 6 slots: 0x0000600000f11dc0 points into unknown readable memory: 0x0000000000000002 | 02 00 00 00 00 00 00 00
stack at sp + 7 slots: 0x0000000787f3ff78 is an oop: java.lang.invoke.MemberName 
{0x0000000787f3ff78} - klass: 'java/lang/invoke/MemberName'
 - ---- fields (total size 6 words):
 - private 'flags' 'I' @12  100728840 (6010008)
 - private 'clazz' 'Ljava/lang/Class;' @24  a 'java/lang/Class'{0x00000007ffe06cd8} = 'java/lang/invoke/Invokers$Holder' (fffc0d9b)
 - private 'name' 'Ljava/lang/String;' @28  "linkToTargetMethod"{0x00000007fff65d90} (fffecbb2)
 - private 'type' 'Ljava/lang/Object;' @32  a 'java/lang/invoke/MethodType'{0x0000000787f39808} = (Ljava/lang/Object;Ljava/lang/Object;)Ljava/lang/Object; (f0fe7301)
 - private 'method' 'Ljava/lang/invoke/ResolvedMethodName;' @36  a 'java/lang/invoke/ResolvedMethodName'{0x0000000787f3ffa8} (f0fe7ff5)
 - 'resolution' 'Ljava/lang/Object;' @40  NULL (0)


---------------  P R O C E S S  ---------------

Threads class SMR info:
_java_thread_list=0x0000600001a1b100, length=15, elements={
0x00007fbd6e80b600, 0x00007fbd6f02fa00, 0x00007fbd6f852000, 0x00007fbd6f011000,
0x00007fbd6d835e00, 0x00007fbd6f011e00, 0x00007fbd6d834200, 0x00007fbd6f012400,
0x00007fbd6d834800, 0x00007fbd6f852600, 0x00007fbd6f013200, 0x00007fbd6f030000,
0x00007fbd6f855800, 0x00007fbd6e954a00, 0x00007fbd6f850600
}

Java Threads: ( => current thread )
  0x00007fbd6e80b600 JavaThread "main" [_thread_blocked, id=9987, stack(0x0000700007978000,0x0000700007a78000)]
  0x00007fbd6f02fa00 JavaThread "Reference Handler" daemon [_thread_blocked, id=16899, stack(0x000070000808d000,0x000070000818d000)]
  0x00007fbd6f852000 JavaThread "Finalizer" daemon [_thread_blocked, id=15619, stack(0x0000700008190000,0x0000700008290000)]
  0x00007fbd6f011000 JavaThread "Signal Dispatcher" daemon [_thread_blocked, id=22275, stack(0x000070000841c000,0x000070000851c000)]
  0x00007fbd6d835e00 JavaThread "Service Thread" daemon [_thread_blocked, id=41731, stack(0x000070000851f000,0x000070000861f000)]
  0x00007fbd6f011e00 JavaThread "Monitor Deflation Thread" daemon [_thread_blocked, id=23043, stack(0x0000700008622000,0x0000700008722000)]
  0x00007fbd6d834200 JavaThread "C2 CompilerThread0" daemon [_thread_blocked, id=23299, stack(0x0000700008725000,0x0000700008825000)]
  0x00007fbd6f012400 JavaThread "C1 CompilerThread0" daemon [_thread_blocked, id=23555, stack(0x0000700008828000,0x0000700008928000)]
  0x00007fbd6d834800 JavaThread "Sweeper thread" daemon [_thread_blocked, id=24067, stack(0x000070000892b000,0x0000700008a2b000)]
  0x00007fbd6f852600 JavaThread "Common-Cleaner" daemon [_thread_blocked, id=40707, stack(0x0000700008a2e000,0x0000700008b2e000)]
  0x00007fbd6f013200 JavaThread "Monitor Ctrl-Break" daemon [_thread_in_native, id=40195, stack(0x0000700008b31000,0x0000700008c31000)]
  0x00007fbd6f030000 JavaThread "Notification Thread" daemon [_thread_blocked, id=24323, stack(0x0000700008c34000,0x0000700008d34000)]
  0x00007fbd6f855800 JavaThread "QuantumRenderer-0" daemon [_thread_blocked, id=39427, stack(0x0000700008e3a000,0x0000700008f3a000)]
  0x00007fbd6e954a00 JavaThread "InvokeLaterDispatcher" daemon [_thread_blocked, id=28167, stack(0x0000700008f3d000,0x000070000903d000)]
=>0x00007fbd6f850600 JavaThread "JavaFX Application Thread" [_thread_in_vm, id=259, stack(0x00007ff7b99c9000,0x00007ff7ba1c9000)]

Other Threads:
  0x00007fbd6d706b50 VMThread "VM Thread" [stack: 0x0000700007f8a000,0x000070000808a000] [id=14851]
  0x00007fbd6e00a1b0 WatcherThread [stack: 0x0000700008d37000,0x0000700008e37000] [id=24579]
  0x00007fbd6e006970 GCTaskThread "GC Thread#0" [stack: 0x0000700007a7b000,0x0000700007b7b000] [id=19971]
  0x00007fbd6d704970 ConcurrentGCThread "G1 Main Marker" [stack: 0x0000700007b7e000,0x0000700007c7e000] [id=12547]
  0x00007fbd6e204d20 ConcurrentGCThread "G1 Conc#0" [stack: 0x0000700007c81000,0x0000700007d81000] [id=13059]
  0x00007fbd6e105610 ConcurrentGCThread "G1 Refine#0" [stack: 0x0000700007d84000,0x0000700007e84000] [id=13315]
  0x00007fbd6e105ea0 ConcurrentGCThread "G1 Service" [stack: 0x0000700007e87000,0x0000700007f87000] [id=18435]

Threads with active compile tasks:

VM state: not at safepoint (normal execution)

VM Mutex/Monitor currently owned by a thread: None

Heap address: 0x0000000780000000, size: 2048 MB, Compressed Oops mode: Zero based, Oop shift amount: 3

CDS archive(s) mapped at: [0x0000000800000000-0x0000000800bd4000-0x0000000800bd4000), size 12402688, SharedBaseAddress: 0x0000000800000000, ArchiveRelocationMode: 0.
Compressed class space mapped at: 0x0000000800c00000-0x0000000840c00000, reserved size: 1073741824
Narrow klass base: 0x0000000800000000, Narrow klass shift: 0, Narrow klass range: 0x100000000

GC Precious Log:
 CPUs: 4 total, 4 available
 Memory: 8192M
 Large Page Support: Disabled
 NUMA Support: Disabled
 Compressed Oops: Enabled (Zero based)
 Heap Region Size: 1M
 Heap Min Capacity: 8M
 Heap Initial Capacity: 128M
 Heap Max Capacity: 2G
 Pre-touch: Disabled
 Parallel Workers: 4
 Concurrent Workers: 1
 Concurrent Refinement Workers: 4
 Periodic GC: Disabled

Heap:
 garbage-first heap   total 133120K, used 13268K [0x0000000780000000, 0x0000000800000000)
  region size 1024K, 13 young (13312K), 0 survivors (0K)
 Metaspace       used 3386K, committed 3648K, reserved 1056768K
  class space    used 379K, committed 512K, reserved 1048576K

Heap Regions: E=young(eden), S=young(survivor), O=old, HS=humongous(starts), HC=humongous(continues), CS=collection set, F=free, OA=open archive, CA=closed archive, TAMS=top-at-mark-start (previous, next)
|   0|0x0000000780000000, 0x0000000780000000, 0x0000000780100000|  0%| F|  |TAMS 0x0000000780000000, 0x0000000780000000| Untracked 
|   1|0x0000000780100000, 0x0000000780100000, 0x0000000780200000|  0%| F|  |TAMS 0x0000000780100000, 0x0000000780100000| Untracked 
|   2|0x0000000780200000, 0x0000000780200000, 0x0000000780300000|  0%| F|  |TAMS 0x0000000780200000, 0x0000000780200000| Untracked 
|   3|0x0000000780300000, 0x0000000780300000, 0x0000000780400000|  0%| F|  |TAMS 0x0000000780300000, 0x0000000780300000| Untracked 
|   4|0x0000000780400000, 0x0000000780400000, 0x0000000780500000|  0%| F|  |TAMS 0x0000000780400000, 0x0000000780400000| Untracked 
|   5|0x0000000780500000, 0x0000000780500000, 0x0000000780600000|  0%| F|  |TAMS 0x0000000780500000, 0x0000000780500000| Untracked 
|   6|0x0000000780600000, 0x0000000780600000, 0x0000000780700000|  0%| F|  |TAMS 0x0000000780600000, 0x0000000780600000| Untracked 
|   7|0x0000000780700000, 0x0000000780700000, 0x0000000780800000|  0%| F|  |TAMS 0x0000000780700000, 0x0000000780700000| Untracked 
|   8|0x0000000780800000, 0x0000000780800000, 0x0000000780900000|  0%| F|  |TAMS 0x0000000780800000, 0x0000000780800000| Untracked 
|   9|0x0000000780900000, 0x0000000780900000, 0x0000000780a00000|  0%| F|  |TAMS 0x0000000780900000, 0x0000000780900000| Untracked 
|  10|0x0000000780a00000, 0x0000000780a00000, 0x0000000780b00000|  0%| F|  |TAMS 0x0000000780a00000, 0x0000000780a00000| Untracked 
|  11|0x0000000780b00000, 0x0000000780b00000, 0x0000000780c00000|  0%| F|  |TAMS 0x0000000780b00000, 0x0000000780b00000| Untracked 
|  12|0x0000000780c00000, 0x0000000780c00000, 0x0000000780d00000|  0%| F|  |TAMS 0x0000000780c00000, 0x0000000780c00000| Untracked 
|  13|0x0000000780d00000, 0x0000000780d00000, 0x0000000780e00000|  0%| F|  |TAMS 0x0000000780d00000, 0x0000000780d00000| Untracked 
|  14|0x0000000780e00000, 0x0000000780e00000, 0x0000000780f00000|  0%| F|  |TAMS 0x0000000780e00000, 0x0000000780e00000| Untracked 
|  15|0x0000000780f00000, 0x0000000780f00000, 0x0000000781000000|  0%| F|  |TAMS 0x0000000780f00000, 0x0000000780f00000| Untracked 
|  16|0x0000000781000000, 0x0000000781000000, 0x0000000781100000|  0%| F|  |TAMS 0x0000000781000000, 0x0000000781000000| Untracked 
|  17|0x0000000781100000, 0x0000000781100000, 0x0000000781200000|  0%| F|  |TAMS 0x0000000781100000, 0x0000000781100000| Untracked 
|  18|0x0000000781200000, 0x0000000781200000, 0x0000000781300000|  0%| F|  |TAMS 0x0000000781200000, 0x0000000781200000| Untracked 
|  19|0x0000000781300000, 0x0000000781300000, 0x0000000781400000|  0%| F|  |TAMS 0x0000000781300000, 0x0000000781300000| Untracked 
|  20|0x0000000781400000, 0x0000000781400000, 0x0000000781500000|  0%| F|  |TAMS 0x0000000781400000, 0x0000000781400000| Untracked 
|  21|0x0000000781500000, 0x0000000781500000, 0x0000000781600000|  0%| F|  |TAMS 0x0000000781500000, 0x0000000781500000| Untracked 
|  22|0x0000000781600000, 0x0000000781600000, 0x0000000781700000|  0%| F|  |TAMS 0x0000000781600000, 0x0000000781600000| Untracked 
|  23|0x0000000781700000, 0x0000000781700000, 0x0000000781800000|  0%| F|  |TAMS 0x0000000781700000, 0x0000000781700000| Untracked 
|  24|0x0000000781800000, 0x0000000781800000, 0x0000000781900000|  0%| F|  |TAMS 0x0000000781800000, 0x0000000781800000| Untracked 
|  25|0x0000000781900000, 0x0000000781900000, 0x0000000781a00000|  0%| F|  |TAMS 0x0000000781900000, 0x0000000781900000| Untracked 
|  26|0x0000000781a00000, 0x0000000781a00000, 0x0000000781b00000|  0%| F|  |TAMS 0x0000000781a00000, 0x0000000781a00000| Untracked 
|  27|0x0000000781b00000, 0x0000000781b00000, 0x0000000781c00000|  0%| F|  |TAMS 0x0000000781b00000, 0x0000000781b00000| Untracked 
|  28|0x0000000781c00000, 0x0000000781c00000, 0x0000000781d00000|  0%| F|  |TAMS 0x0000000781c00000, 0x0000000781c00000| Untracked 
|  29|0x0000000781d00000, 0x0000000781d00000, 0x0000000781e00000|  0%| F|  |TAMS 0x0000000781d00000, 0x0000000781d00000| Untracked 
|  30|0x0000000781e00000, 0x0000000781e00000, 0x0000000781f00000|  0%| F|  |TAMS 0x0000000781e00000, 0x0000000781e00000| Untracked 
|  31|0x0000000781f00000, 0x0000000781f00000, 0x0000000782000000|  0%| F|  |TAMS 0x0000000781f00000, 0x0000000781f00000| Untracked 
|  32|0x0000000782000000, 0x0000000782000000, 0x0000000782100000|  0%| F|  |TAMS 0x0000000782000000, 0x0000000782000000| Untracked 
|  33|0x0000000782100000, 0x0000000782100000, 0x0000000782200000|  0%| F|  |TAMS 0x0000000782100000, 0x0000000782100000| Untracked 
|  34|0x0000000782200000, 0x0000000782200000, 0x0000000782300000|  0%| F|  |TAMS 0x0000000782200000, 0x0000000782200000| Untracked 
|  35|0x0000000782300000, 0x0000000782300000, 0x0000000782400000|  0%| F|  |TAMS 0x0000000782300000, 0x0000000782300000| Untracked 
|  36|0x0000000782400000, 0x0000000782400000, 0x0000000782500000|  0%| F|  |TAMS 0x0000000782400000, 0x0000000782400000| Untracked 
|  37|0x0000000782500000, 0x0000000782500000, 0x0000000782600000|  0%| F|  |TAMS 0x0000000782500000, 0x0000000782500000| Untracked 
|  38|0x0000000782600000, 0x0000000782600000, 0x0000000782700000|  0%| F|  |TAMS 0x0000000782600000, 0x0000000782600000| Untracked 
|  39|0x0000000782700000, 0x0000000782700000, 0x0000000782800000|  0%| F|  |TAMS 0x0000000782700000, 0x0000000782700000| Untracked 
|  40|0x0000000782800000, 0x0000000782800000, 0x0000000782900000|  0%| F|  |TAMS 0x0000000782800000, 0x0000000782800000| Untracked 
|  41|0x0000000782900000, 0x0000000782900000, 0x0000000782a00000|  0%| F|  |TAMS 0x0000000782900000, 0x0000000782900000| Untracked 
|  42|0x0000000782a00000, 0x0000000782a00000, 0x0000000782b00000|  0%| F|  |TAMS 0x0000000782a00000, 0x0000000782a00000| Untracked 
|  43|0x0000000782b00000, 0x0000000782b00000, 0x0000000782c00000|  0%| F|  |TAMS 0x0000000782b00000, 0x0000000782b00000| Untracked 
|  44|0x0000000782c00000, 0x0000000782c00000, 0x0000000782d00000|  0%| F|  |TAMS 0x0000000782c00000, 0x0000000782c00000| Untracked 
|  45|0x0000000782d00000, 0x0000000782d00000, 0x0000000782e00000|  0%| F|  |TAMS 0x0000000782d00000, 0x0000000782d00000| Untracked 
|  46|0x0000000782e00000, 0x0000000782e00000, 0x0000000782f00000|  0%| F|  |TAMS 0x0000000782e00000, 0x0000000782e00000| Untracked 
|  47|0x0000000782f00000, 0x0000000782f00000, 0x0000000783000000|  0%| F|  |TAMS 0x0000000782f00000, 0x0000000782f00000| Untracked 
|  48|0x0000000783000000, 0x0000000783000000, 0x0000000783100000|  0%| F|  |TAMS 0x0000000783000000, 0x0000000783000000| Untracked 
|  49|0x0000000783100000, 0x0000000783100000, 0x0000000783200000|  0%| F|  |TAMS 0x0000000783100000, 0x0000000783100000| Untracked 
|  50|0x0000000783200000, 0x0000000783200000, 0x0000000783300000|  0%| F|  |TAMS 0x0000000783200000, 0x0000000783200000| Untracked 
|  51|0x0000000783300000, 0x0000000783300000, 0x0000000783400000|  0%| F|  |TAMS 0x0000000783300000, 0x0000000783300000| Untracked 
|  52|0x0000000783400000, 0x0000000783400000, 0x0000000783500000|  0%| F|  |TAMS 0x0000000783400000, 0x0000000783400000| Untracked 
|  53|0x0000000783500000, 0x0000000783500000, 0x0000000783600000|  0%| F|  |TAMS 0x0000000783500000, 0x0000000783500000| Untracked 
|  54|0x0000000783600000, 0x0000000783600000, 0x0000000783700000|  0%| F|  |TAMS 0x0000000783600000, 0x0000000783600000| Untracked 
|  55|0x0000000783700000, 0x0000000783700000, 0x0000000783800000|  0%| F|  |TAMS 0x0000000783700000, 0x0000000783700000| Untracked 
|  56|0x0000000783800000, 0x0000000783800000, 0x0000000783900000|  0%| F|  |TAMS 0x0000000783800000, 0x0000000783800000| Untracked 
|  57|0x0000000783900000, 0x0000000783900000, 0x0000000783a00000|  0%| F|  |TAMS 0x0000000783900000, 0x0000000783900000| Untracked 
|  58|0x0000000783a00000, 0x0000000783a00000, 0x0000000783b00000|  0%| F|  |TAMS 0x0000000783a00000, 0x0000000783a00000| Untracked 
|  59|0x0000000783b00000, 0x0000000783b00000, 0x0000000783c00000|  0%| F|  |TAMS 0x0000000783b00000, 0x0000000783b00000| Untracked 
|  60|0x0000000783c00000, 0x0000000783c00000, 0x0000000783d00000|  0%| F|  |TAMS 0x0000000783c00000, 0x0000000783c00000| Untracked 
|  61|0x0000000783d00000, 0x0000000783d00000, 0x0000000783e00000|  0%| F|  |TAMS 0x0000000783d00000, 0x0000000783d00000| Untracked 
|  62|0x0000000783e00000, 0x0000000783e00000, 0x0000000783f00000|  0%| F|  |TAMS 0x0000000783e00000, 0x0000000783e00000| Untracked 
|  63|0x0000000783f00000, 0x0000000783f00000, 0x0000000784000000|  0%| F|  |TAMS 0x0000000783f00000, 0x0000000783f00000| Untracked 
|  64|0x0000000784000000, 0x0000000784000000, 0x0000000784100000|  0%| F|  |TAMS 0x0000000784000000, 0x0000000784000000| Untracked 
|  65|0x0000000784100000, 0x0000000784100000, 0x0000000784200000|  0%| F|  |TAMS 0x0000000784100000, 0x0000000784100000| Untracked 
|  66|0x0000000784200000, 0x0000000784200000, 0x0000000784300000|  0%| F|  |TAMS 0x0000000784200000, 0x0000000784200000| Untracked 
|  67|0x0000000784300000, 0x0000000784300000, 0x0000000784400000|  0%| F|  |TAMS 0x0000000784300000, 0x0000000784300000| Untracked 
|  68|0x0000000784400000, 0x0000000784400000, 0x0000000784500000|  0%| F|  |TAMS 0x0000000784400000, 0x0000000784400000| Untracked 
|  69|0x0000000784500000, 0x0000000784500000, 0x0000000784600000|  0%| F|  |TAMS 0x0000000784500000, 0x0000000784500000| Untracked 
|  70|0x0000000784600000, 0x0000000784600000, 0x0000000784700000|  0%| F|  |TAMS 0x0000000784600000, 0x0000000784600000| Untracked 
|  71|0x0000000784700000, 0x0000000784700000, 0x0000000784800000|  0%| F|  |TAMS 0x0000000784700000, 0x0000000784700000| Untracked 
|  72|0x0000000784800000, 0x0000000784800000, 0x0000000784900000|  0%| F|  |TAMS 0x0000000784800000, 0x0000000784800000| Untracked 
|  73|0x0000000784900000, 0x0000000784900000, 0x0000000784a00000|  0%| F|  |TAMS 0x0000000784900000, 0x0000000784900000| Untracked 
|  74|0x0000000784a00000, 0x0000000784a00000, 0x0000000784b00000|  0%| F|  |TAMS 0x0000000784a00000, 0x0000000784a00000| Untracked 
|  75|0x0000000784b00000, 0x0000000784b00000, 0x0000000784c00000|  0%| F|  |TAMS 0x0000000784b00000, 0x0000000784b00000| Untracked 
|  76|0x0000000784c00000, 0x0000000784c00000, 0x0000000784d00000|  0%| F|  |TAMS 0x0000000784c00000, 0x0000000784c00000| Untracked 
|  77|0x0000000784d00000, 0x0000000784d00000, 0x0000000784e00000|  0%| F|  |TAMS 0x0000000784d00000, 0x0000000784d00000| Untracked 
|  78|0x0000000784e00000, 0x0000000784e00000, 0x0000000784f00000|  0%| F|  |TAMS 0x0000000784e00000, 0x0000000784e00000| Untracked 
|  79|0x0000000784f00000, 0x0000000784f00000, 0x0000000785000000|  0%| F|  |TAMS 0x0000000784f00000, 0x0000000784f00000| Untracked 
|  80|0x0000000785000000, 0x0000000785000000, 0x0000000785100000|  0%| F|  |TAMS 0x0000000785000000, 0x0000000785000000| Untracked 
|  81|0x0000000785100000, 0x0000000785100000, 0x0000000785200000|  0%| F|  |TAMS 0x0000000785100000, 0x0000000785100000| Untracked 
|  82|0x0000000785200000, 0x0000000785200000, 0x0000000785300000|  0%| F|  |TAMS 0x0000000785200000, 0x0000000785200000| Untracked 
|  83|0x0000000785300000, 0x0000000785300000, 0x0000000785400000|  0%| F|  |TAMS 0x0000000785300000, 0x0000000785300000| Untracked 
|  84|0x0000000785400000, 0x0000000785400000, 0x0000000785500000|  0%| F|  |TAMS 0x0000000785400000, 0x0000000785400000| Untracked 
|  85|0x0000000785500000, 0x0000000785500000, 0x0000000785600000|  0%| F|  |TAMS 0x0000000785500000, 0x0000000785500000| Untracked 
|  86|0x0000000785600000, 0x0000000785600000, 0x0000000785700000|  0%| F|  |TAMS 0x0000000785600000, 0x0000000785600000| Untracked 
|  87|0x0000000785700000, 0x0000000785700000, 0x0000000785800000|  0%| F|  |TAMS 0x0000000785700000, 0x0000000785700000| Untracked 
|  88|0x0000000785800000, 0x0000000785800000, 0x0000000785900000|  0%| F|  |TAMS 0x0000000785800000, 0x0000000785800000| Untracked 
|  89|0x0000000785900000, 0x0000000785900000, 0x0000000785a00000|  0%| F|  |TAMS 0x0000000785900000, 0x0000000785900000| Untracked 
|  90|0x0000000785a00000, 0x0000000785a00000, 0x0000000785b00000|  0%| F|  |TAMS 0x0000000785a00000, 0x0000000785a00000| Untracked 
|  91|0x0000000785b00000, 0x0000000785b00000, 0x0000000785c00000|  0%| F|  |TAMS 0x0000000785b00000, 0x0000000785b00000| Untracked 
|  92|0x0000000785c00000, 0x0000000785c00000, 0x0000000785d00000|  0%| F|  |TAMS 0x0000000785c00000, 0x0000000785c00000| Untracked 
|  93|0x0000000785d00000, 0x0000000785d00000, 0x0000000785e00000|  0%| F|  |TAMS 0x0000000785d00000, 0x0000000785d00000| Untracked 
|  94|0x0000000785e00000, 0x0000000785e00000, 0x0000000785f00000|  0%| F|  |TAMS 0x0000000785e00000, 0x0000000785e00000| Untracked 
|  95|0x0000000785f00000, 0x0000000785f00000, 0x0000000786000000|  0%| F|  |TAMS 0x0000000785f00000, 0x0000000785f00000| Untracked 
|  96|0x0000000786000000, 0x0000000786000000, 0x0000000786100000|  0%| F|  |TAMS 0x0000000786000000, 0x0000000786000000| Untracked 
|  97|0x0000000786100000, 0x0000000786100000, 0x0000000786200000|  0%| F|  |TAMS 0x0000000786100000, 0x0000000786100000| Untracked 
|  98|0x0000000786200000, 0x0000000786200000, 0x0000000786300000|  0%| F|  |TAMS 0x0000000786200000, 0x0000000786200000| Untracked 
|  99|0x0000000786300000, 0x0000000786300000, 0x0000000786400000|  0%| F|  |TAMS 0x0000000786300000, 0x0000000786300000| Untracked 
| 100|0x0000000786400000, 0x0000000786400000, 0x0000000786500000|  0%| F|  |TAMS 0x0000000786400000, 0x0000000786400000| Untracked 
| 101|0x0000000786500000, 0x0000000786500000, 0x0000000786600000|  0%| F|  |TAMS 0x0000000786500000, 0x0000000786500000| Untracked 
| 102|0x0000000786600000, 0x0000000786600000, 0x0000000786700000|  0%| F|  |TAMS 0x0000000786600000, 0x0000000786600000| Untracked 
| 103|0x0000000786700000, 0x0000000786700000, 0x0000000786800000|  0%| F|  |TAMS 0x0000000786700000, 0x0000000786700000| Untracked 
| 104|0x0000000786800000, 0x0000000786800000, 0x0000000786900000|  0%| F|  |TAMS 0x0000000786800000, 0x0000000786800000| Untracked 
| 105|0x0000000786900000, 0x0000000786900000, 0x0000000786a00000|  0%| F|  |TAMS 0x0000000786900000, 0x0000000786900000| Untracked 
| 106|0x0000000786a00000, 0x0000000786a00000, 0x0000000786b00000|  0%| F|  |TAMS 0x0000000786a00000, 0x0000000786a00000| Untracked 
| 107|0x0000000786b00000, 0x0000000786b00000, 0x0000000786c00000|  0%| F|  |TAMS 0x0000000786b00000, 0x0000000786b00000| Untracked 
| 108|0x0000000786c00000, 0x0000000786c00000, 0x0000000786d00000|  0%| F|  |TAMS 0x0000000786c00000, 0x0000000786c00000| Untracked 
| 109|0x0000000786d00000, 0x0000000786d00000, 0x0000000786e00000|  0%| F|  |TAMS 0x0000000786d00000, 0x0000000786d00000| Untracked 
| 110|0x0000000786e00000, 0x0000000786e00000, 0x0000000786f00000|  0%| F|  |TAMS 0x0000000786e00000, 0x0000000786e00000| Untracked 
| 111|0x0000000786f00000, 0x0000000786f00000, 0x0000000787000000|  0%| F|  |TAMS 0x0000000786f00000, 0x0000000786f00000| Untracked 
| 112|0x0000000787000000, 0x0000000787000000, 0x0000000787100000|  0%| F|  |TAMS 0x0000000787000000, 0x0000000787000000| Untracked 
| 113|0x0000000787100000, 0x0000000787100000, 0x0000000787200000|  0%| F|  |TAMS 0x0000000787100000, 0x0000000787100000| Untracked 
| 114|0x0000000787200000, 0x0000000787200000, 0x0000000787300000|  0%| F|  |TAMS 0x0000000787200000, 0x0000000787200000| Untracked 
| 115|0x0000000787300000, 0x0000000787385a38, 0x0000000787400000| 52%| E|  |TAMS 0x0000000787300000, 0x0000000787300000| Complete 
| 116|0x0000000787400000, 0x0000000787500000, 0x0000000787500000|100%| E|CS|TAMS 0x0000000787400000, 0x0000000787400000| Complete 
| 117|0x0000000787500000, 0x0000000787600000, 0x0000000787600000|100%| E|CS|TAMS 0x0000000787500000, 0x0000000787500000| Complete 
| 118|0x0000000787600000, 0x0000000787700000, 0x0000000787700000|100%| E|CS|TAMS 0x0000000787600000, 0x0000000787600000| Complete 
| 119|0x0000000787700000, 0x0000000787800000, 0x0000000787800000|100%| E|CS|TAMS 0x0000000787700000, 0x0000000787700000| Complete 
| 120|0x0000000787800000, 0x0000000787900000, 0x0000000787900000|100%| E|CS|TAMS 0x0000000787800000, 0x0000000787800000| Complete 
| 121|0x0000000787900000, 0x0000000787a00000, 0x0000000787a00000|100%| E|CS|TAMS 0x0000000787900000, 0x0000000787900000| Complete 
| 122|0x0000000787a00000, 0x0000000787b00000, 0x0000000787b00000|100%| E|CS|TAMS 0x0000000787a00000, 0x0000000787a00000| Complete 
| 123|0x0000000787b00000, 0x0000000787c00000, 0x0000000787c00000|100%| E|CS|TAMS 0x0000000787b00000, 0x0000000787b00000| Complete 
| 124|0x0000000787c00000, 0x0000000787d00000, 0x0000000787d00000|100%| E|CS|TAMS 0x0000000787c00000, 0x0000000787c00000| Complete 
| 125|0x0000000787d00000, 0x0000000787e00000, 0x0000000787e00000|100%| E|CS|TAMS 0x0000000787d00000, 0x0000000787d00000| Complete 
| 126|0x0000000787e00000, 0x0000000787f00000, 0x0000000787f00000|100%| E|CS|TAMS 0x0000000787e00000, 0x0000000787e00000| Complete 
| 127|0x0000000787f00000, 0x0000000788000000, 0x0000000788000000|100%| E|CS|TAMS 0x0000000787f00000, 0x0000000787f00000| Complete 
|2046|0x00000007ffe00000, 0x00000007ffe76000, 0x00000007fff00000| 46%|OA|  |TAMS 0x00000007ffe00000, 0x00000007ffe00000| Untracked 
|2047|0x00000007fff00000, 0x00000007fff7f000, 0x0000000800000000| 49%|CA|  |TAMS 0x00000007fff00000, 0x00000007fff00000| Untracked 

Card table byte_map: [0x000000010654c000,0x000000010694c000] _byte_map_base: 0x000000010294c000

Marking Bits (Prev, Next): (CMBitMap*) 0x00007fbd6d808c10, (CMBitMap*) 0x00007fbd6d808c50
 Prev Bits: [0x0000000107f46000, 0x0000000109f46000)
 Next Bits: [0x0000000109f46000, 0x000000010bf46000)

Polling page: 0x0000000105e5e000

Metaspace:

Usage:
  Non-class:      2.94 MB used.
      Class:    379.88 KB used.
       Both:      3.31 MB used.

Virtual space:
  Non-class space:        8.00 MB reserved,       3.06 MB ( 38%) committed,  1 nodes.
      Class space:        1.00 GB reserved,     512.00 KB ( <1%) committed,  1 nodes.
             Both:        1.01 GB reserved,       3.56 MB ( <1%) committed. 

Chunk freelists:
   Non-Class:  2.86 MB
       Class:  3.55 MB
        Both:  6.41 MB

MaxMetaspaceSize: unlimited
CompressedClassSpaceSize: 1.00 GB
Initial GC threshold: 21.00 MB
Current GC threshold: 21.00 MB
CDS: on
MetaspaceReclaimPolicy: balanced
 - commit_granule_bytes: 65536.
 - commit_granule_words: 8192.
 - virtual_space_node_default_size: 1048576.
 - enlarge_chunks_in_place: 1.
 - new_chunks_are_fully_committed: 0.
 - uncommit_free_chunks: 1.
 - use_allocation_guard: 0.
 - handle_deallocations: 1.


Internal statistics:

num_allocs_failed_limit: 0.
num_arena_births: 80.
num_arena_deaths: 0.
num_vsnodes_births: 2.
num_vsnodes_deaths: 0.
num_space_committed: 57.
num_space_uncommitted: 0.
num_chunks_returned_to_freelist: 0.
num_chunks_taken_from_freelist: 160.
num_chunk_merges: 0.
num_chunk_splits: 100.
num_chunks_enlarged: 61.
num_purges: 0.
num_inconsistent_stats: 0.

CodeHeap 'non-profiled nmethods': size=120032Kb used=234Kb max_used=234Kb free=119797Kb
 bounds [0x000000011cad6000, 0x000000011cd46000, 0x000000012400e000]
CodeHeap 'profiled nmethods': size=120028Kb used=1071Kb max_used=1071Kb free=118956Kb
 bounds [0x000000011559f000, 0x000000011580f000, 0x000000011cad6000]
CodeHeap 'non-nmethods': size=5700Kb used=1179Kb max_used=1192Kb free=4520Kb
 bounds [0x000000011500e000, 0x000000011527e000, 0x000000011559f000]
 total_blobs=1197 nmethods=714 adapters=397
 compilation: enabled
              stopped_count=0, restarted_count=0
 full_count=0

Compilation events (20 events):
Event: 0.452 Thread 0x00007fbd6f012400  704   !   3       java.util.zip.ZipFile$Source::getEntryPos (173 bytes)
Event: 0.454 Thread 0x00007fbd6f012400 nmethod 704 0x00000001156a0f90 code [0x00000001156a1280, 0x00000001156a2320]
Event: 0.454 Thread 0x00007fbd6f012400  705       3       java.util.zip.ZipCoder::hash (36 bytes)
Event: 0.454 Thread 0x00007fbd6f012400 nmethod 705 0x00000001156a2d10 code [0x00000001156a2f40, 0x00000001156a3660]
Event: 0.461 Thread 0x00007fbd6f012400  707       3       java.lang.invoke.TypeConvertingMethodAdapter::descriptorToName (36 bytes)
Event: 0.461 Thread 0x00007fbd6f012400 nmethod 707 0x00000001156a3990 code [0x00000001156a3c20, 0x00000001156a47c0]
Event: 0.462 Thread 0x00007fbd6f012400  706       3       java.io.FilterInputStream::read (9 bytes)
Event: 0.462 Thread 0x00007fbd6f012400 nmethod 706 0x00000001156a4c90 code [0x00000001156a4e40, 0x00000001156a5020]
Event: 0.462 Thread 0x00007fbd6f012400  708       3       java.lang.invoke.MethodHandleNatives::refKindHasReceiver (33 bytes)
Event: 0.462 Thread 0x00007fbd6f012400 nmethod 708 0x00000001156a5110 code [0x00000001156a52a0, 0x00000001156a53f0]
Event: 0.462 Thread 0x00007fbd6f012400  709       3       java.lang.invoke.MethodType::toMethodDescriptorString (28 bytes)
Event: 0.462 Thread 0x00007fbd6f012400 nmethod 709 0x00000001156a5490 code [0x00000001156a5640, 0x00000001156a5820]
Event: 0.553 Thread 0x00007fbd6f012400  712   !   3       java.lang.invoke.MemberName::clone (14 bytes)
Event: 0.554 Thread 0x00007fbd6f012400 nmethod 712 0x00000001156a5910 code [0x00000001156a5ae0, 0x00000001156a5e50]
Event: 0.554 Thread 0x00007fbd6f012400  711       3       java.lang.StringBuilder::append (8 bytes)
Event: 0.554 Thread 0x00007fbd6f012400 nmethod 711 0x00000001156a5f90 code [0x00000001156a6140, 0x00000001156a6280]
Event: 0.554 Thread 0x00007fbd6f012400  710   !   3       java.util.jar.JarFile::checkForSpecialAttributes (163 bytes)
Event: 0.555 Thread 0x00007fbd6f012400 nmethod 710 0x00000001156a6310 code [0x00000001156a6640, 0x00000001156a7910]
Event: 0.628 Thread 0x00007fbd6f012400  713       3       java.lang.StringBuilder::<init> (6 bytes)
Event: 0.628 Thread 0x00007fbd6f012400 nmethod 713 0x00000001156a8110 code [0x00000001156a82c0, 0x00000001156a8400]

GC Heap History (0 events):
No events

Deoptimization events (20 events):
Event: 0.350 Thread 0x00007fbd6f855800 Uncommon trap: trap_request=0xffffff66 fr.pc=0x000000011caf163c relative=0x0000000000000b1c
Event: 0.350 Thread 0x00007fbd6f855800 Uncommon trap: reason=speculate_class_check action=maybe_recompile pc=0x000000011caf163c method=java.util.HashMap.putVal(ILjava/lang/Object;Ljava/lang/Object;ZZ)Ljava/lang/Object; @ 56 c2
Event: 0.350 Thread 0x00007fbd6f855800 DEOPT PACKING pc=0x000000011caf163c sp=0x0000700008f38a10
Event: 0.350 Thread 0x00007fbd6f855800 DEOPT UNPACKING pc=0x0000000115060099 sp=0x0000700008f388b0 mode 2
Event: 0.350 Thread 0x00007fbd6f855800 Uncommon trap: trap_request=0xffffff66 fr.pc=0x000000011caf163c relative=0x0000000000000b1c
Event: 0.350 Thread 0x00007fbd6f855800 Uncommon trap: reason=speculate_class_check action=maybe_recompile pc=0x000000011caf163c method=java.util.HashMap.putVal(ILjava/lang/Object;Ljava/lang/Object;ZZ)Ljava/lang/Object; @ 56 c2
Event: 0.350 Thread 0x00007fbd6f855800 DEOPT PACKING pc=0x000000011caf163c sp=0x0000700008f38a10
Event: 0.350 Thread 0x00007fbd6f855800 DEOPT UNPACKING pc=0x0000000115060099 sp=0x0000700008f388b0 mode 2
Event: 0.351 Thread 0x00007fbd6f855800 Uncommon trap: trap_request=0xffffff66 fr.pc=0x000000011caf163c relative=0x0000000000000b1c
Event: 0.351 Thread 0x00007fbd6f855800 Uncommon trap: reason=speculate_class_check action=maybe_recompile pc=0x000000011caf163c method=java.util.HashMap.putVal(ILjava/lang/Object;Ljava/lang/Object;ZZ)Ljava/lang/Object; @ 56 c2
Event: 0.351 Thread 0x00007fbd6f855800 DEOPT PACKING pc=0x000000011caf163c sp=0x0000700008f38a10
Event: 0.351 Thread 0x00007fbd6f855800 DEOPT UNPACKING pc=0x0000000115060099 sp=0x0000700008f388b0 mode 2
Event: 0.351 Thread 0x00007fbd6f855800 Uncommon trap: trap_request=0xffffff66 fr.pc=0x000000011caf163c relative=0x0000000000000b1c
Event: 0.351 Thread 0x00007fbd6f855800 Uncommon trap: reason=speculate_class_check action=maybe_recompile pc=0x000000011caf163c method=java.util.HashMap.putVal(ILjava/lang/Object;Ljava/lang/Object;ZZ)Ljava/lang/Object; @ 56 c2
Event: 0.351 Thread 0x00007fbd6f855800 DEOPT PACKING pc=0x000000011caf163c sp=0x0000700008f38a10
Event: 0.351 Thread 0x00007fbd6f855800 DEOPT UNPACKING pc=0x0000000115060099 sp=0x0000700008f388b0 mode 2
Event: 0.633 Thread 0x00007fbd6f850600 Uncommon trap: trap_request=0xffffff45 fr.pc=0x000000011cb0f470 relative=0x00000000000001b0
Event: 0.633 Thread 0x00007fbd6f850600 Uncommon trap: reason=unstable_if action=reinterpret pc=0x000000011cb0f470 method=java.lang.invoke.VarHandle.checkExactAccessMode(Ljava/lang/invoke/VarHandle$AccessDescriptor;)V @ 4 c2
Event: 0.633 Thread 0x00007fbd6f850600 DEOPT PACKING pc=0x000000011cb0f470 sp=0x00007ff7ba1c4640
Event: 0.633 Thread 0x00007fbd6f850600 DEOPT UNPACKING pc=0x0000000115060099 sp=0x00007ff7ba1c45a0 mode 2

Classes unloaded (0 events):
No events

Classes redefined (0 events):
No events

Internal exceptions (12 events):
Event: 0.135 Thread 0x00007fbd6e80b600 Exception <a 'java/lang/NoSuchMethodError'{0x0000000787eb5b48}: 'void java.lang.invoke.DirectMethodHandle$Holder.invokeSpecial(java.lang.Object, java.lang.Object, java.lang.Object)'> (0x0000000787eb5b48) 
thrown [open/src/hotspot/share/interpreter/linkResolver.cpp, line 766]
Event: 0.179 Thread 0x00007fbd6e80b600 Exception <a 'java/lang/NoSuchMethodError'{0x0000000787d7d108}: 'void java.lang.invoke.DirectMethodHandle$Holder.invokeVirtual(java.lang.Object, java.lang.Object)'> (0x0000000787d7d108) 
thrown [open/src/hotspot/share/interpreter/linkResolver.cpp, line 766]
Event: 0.207 Thread 0x00007fbd6e80b600 Exception <a 'java/lang/NoSuchMethodError'{0x0000000787be12d8}: 'void java.lang.invoke.DirectMethodHandle$Holder.invokeSpecial(java.lang.Object, java.lang.Object, java.lang.Object, java.lang.Object, java.lang.Object)'> (0x0000000787be12d8) 
thrown [open/src/hotspot/share/interpreter/linkResolver.cpp, line 766]
Event: 0.212 Thread 0x00007fbd6e80b600 Exception <a 'java/lang/NoSuchMethodError'{0x0000000787bf7498}: 'java.lang.Object java.lang.invoke.DirectMethodHandle$Holder.invokeInterface(java.lang.Object, java.lang.Object)'> (0x0000000787bf7498) 
thrown [open/src/hotspot/share/interpreter/linkResolver.cpp, line 766]
Event: 0.213 Thread 0x00007fbd6e80b600 Exception <a 'java/lang/IncompatibleClassChangeError'{0x0000000787bfab10}: Found class java.lang.Object, but interface was expected> (0x0000000787bfab10) 
thrown [open/src/hotspot/share/interpreter/linkResolver.cpp, line 833]
Event: 0.213 Thread 0x00007fbd6e80b600 Exception <a 'java/lang/NoSuchMethodError'{0x0000000787bfd8d8}: 'void java.lang.invoke.DirectMethodHandle$Holder.invokeStatic(java.lang.Object, java.lang.Object, java.lang.Object, java.lang.Object)'> (0x0000000787bfd8d8) 
thrown [open/src/hotspot/share/interpreter/linkResolver.cpp, line 766]
Event: 0.234 Thread 0x00007fbd6e80b600 Implicit null exception at 0x000000011cae08d5 to 0x000000011cae0a40
Event: 0.249 Thread 0x00007fbd6f013200 Exception <a 'java/lang/NoSuchMethodError'{0x00000007879030f0}: 'java.lang.Object java.lang.invoke.DirectMethodHandle$Holder.invokeStaticInit(java.lang.Object)'> (0x00000007879030f0) 
thrown [open/src/hotspot/share/interpreter/linkResolver.cpp, line 766]
Event: 0.252 Thread 0x00007fbd6f013200 Exception <a 'java/lang/ClassNotFoundException'{0x000000078790e0b8}: jdk/net/ExtendedSocketOptions> (0x000000078790e0b8) 
thrown [open/src/hotspot/share/classfile/systemDictionary.cpp, line 256]
Event: 0.254 Thread 0x00007fbd6f013200 Exception <a 'java/lang/NoSuchMethodError'{0x000000078790f910}: 'void java.lang.invoke.DirectMethodHandle$Holder.invokeStatic(java.lang.Object, java.lang.Object)'> (0x000000078790f910) 
thrown [open/src/hotspot/share/interpreter/linkResolver.cpp, line 766]
Event: 0.315 Thread 0x00007fbd6e80b600 Exception <a 'java/lang/NoSuchMethodError'{0x00000007876644e0}: 'void java.lang.invoke.DirectMethodHandle$Holder.invokeStatic(java.lang.Object, java.lang.Object, java.lang.Object)'> (0x00000007876644e0) 
thrown [open/src/hotspot/share/interpreter/linkResolver.cpp, line 766]
Event: 0.432 Thread 0x00007fbd6e80b600 Exception <a 'java/lang/NoSuchMethodError'{0x0000000787680ff8}: 'int java.lang.invoke.DirectMethodHandle$Holder.invokeStaticInit(java.lang.Object, java.lang.Object, java.lang.Object)'> (0x0000000787680ff8) 
thrown [open/src/hotspot/share/interpreter/linkResolver.cpp, line 766]

VM Operations (6 events):
Event: 0.148 Executing VM operation: HandshakeAllThreads
Event: 0.148 Executing VM operation: HandshakeAllThreads done
Event: 0.209 Executing VM operation: HandshakeAllThreads
Event: 0.209 Executing VM operation: HandshakeAllThreads done
Event: 0.247 Executing VM operation: HandshakeAllThreads
Event: 0.247 Executing VM operation: HandshakeAllThreads done

Events (20 events):
Event: 0.430 loading class java/util/concurrent/ForkJoinPool$ManagedBlocker done
Event: 0.430 loading class java/util/concurrent/locks/AbstractQueuedSynchronizer$ConditionNode done
Event: 0.445 Loading shared library /Users/dierumurzakov/.m2/repository/org/openjfx/javafx-graphics/17.0.1/libglass.dylib failed, dlopen(/Users/dierumurzakov/.m2/repository/org/openjfx/javafx-graphics/17.0.1/libglass.dylib, 0x0001): tried: '/Users/dierumurzakov/.m2/re
Event: 0.459 Loaded shared library /Users/dierumurzakov/.openjfx/cache/17.0.1/libglass.dylib
Event: 0.460 loading class java/util/concurrent/BlockingDeque
Event: 0.460 loading class java/util/concurrent/BlockingDeque done
Event: 0.460 loading class java/util/concurrent/LinkedBlockingDeque
Event: 0.461 loading class java/util/concurrent/LinkedBlockingDeque done
Event: 0.461 Thread 0x00007fbd6e954a00 Thread added: 0x00007fbd6e954a00
Event: 0.462 Protecting memory [0x0000700008f3d000,0x0000700008f41000] with protection modes 0
Event: 0.463 Protecting memory [0x00007ff7b99c9000,0x00007ff7b99cd000] with protection modes 0
Event: 0.463 Thread 0x00007fbd6f850600 Thread added: 0x00007fbd6f850600
Event: 0.552 Thread 0x00007fbd6f21f600 Thread added: 0x00007fbd6f21f600
Event: 0.552 Protecting memory [0x0000700009040000,0x0000700009044000] with protection modes 0
Event: 0.626 loading class java/util/concurrent/LinkedBlockingDeque$Node
Event: 0.626 loading class java/util/concurrent/LinkedBlockingDeque$Node done
Event: 0.626 Protecting memory [0x0000700009040000,0x0000700009044000] with protection modes 3
Event: 0.626 Thread 0x00007fbd6f21f600 Thread exited: 0x00007fbd6f21f600
Event: 0.633 loading class java/util/concurrent/FutureTask
Event: 0.633 loading class java/util/concurrent/FutureTask done


Dynamic libraries:
0x0000000105e60000 	/Users/dierumurzakov/Library/Java/JavaVirtualMachines/openjdk-17.0.2/Contents/Home/lib/libjli.dylib
0x00007ff81dc96000 	/usr/lib/libz.1.dylib
0x00007ff81dd76000 	/usr/lib/libSystem.B.dylib
0x00007ff81dd71000 	/usr/lib/system/libcache.dylib
0x00007ff81dd2d000 	/usr/lib/system/libcommonCrypto.dylib
0x00007ff81dd56000 	/usr/lib/system/libcompiler_rt.dylib
0x00007ff81dd4c000 	/usr/lib/system/libcopyfile.dylib
0x00007ff812d21000 	/usr/lib/system/libcorecrypto.dylib
0x00007ff812ddf000 	/usr/lib/system/libdispatch.dylib
0x00007ff812fa3000 	/usr/lib/system/libdyld.dylib
0x00007ff81dd68000 	/usr/lib/system/libkeymgr.dylib
0x00007ff81dd0b000 	/usr/lib/system/libmacho.dylib
0x00007ff81d38a000 	/usr/lib/system/libquarantine.dylib
0x00007ff81dd66000 	/usr/lib/system/libremovefile.dylib
0x00007ff817f1d000 	/usr/lib/system/libsystem_asl.dylib
0x00007ff812cca000 	/usr/lib/system/libsystem_blocks.dylib
0x00007ff812e67000 	/usr/lib/system/libsystem_c.dylib
0x00007ff81dd5e000 	/usr/lib/system/libsystem_collections.dylib
0x00007ff81c637000 	/usr/lib/system/libsystem_configuration.dylib
0x00007ff81b8e3000 	/usr/lib/system/libsystem_containermanager.dylib
0x00007ff81da44000 	/usr/lib/system/libsystem_coreservices.dylib
0x00007ff8155c6000 	/usr/lib/system/libsystem_darwin.dylib
0x00007ff81dd69000 	/usr/lib/system/libsystem_dnssd.dylib
0x00007ff812e64000 	/usr/lib/system/libsystem_featureflags.dylib
0x00007ff812fb9000 	/usr/lib/system/libsystem_info.dylib
0x00007ff81dca9000 	/usr/lib/system/libsystem_m.dylib
0x00007ff812db3000 	/usr/lib/system/libsystem_malloc.dylib
0x00007ff817eb8000 	/usr/lib/system/libsystem_networkextension.dylib
0x00007ff8159ec000 	/usr/lib/system/libsystem_notify.dylib
0x00007ff823fd4000 	/usr/lib/system/libsystem_product_info_filter.dylib
0x00007ff81c63b000 	/usr/lib/system/libsystem_sandbox.dylib
0x00007ff81dd63000 	/usr/lib/system/libsystem_secinit.dylib
0x00007ff812f5f000 	/usr/lib/system/libsystem_kernel.dylib
0x00007ff812faf000 	/usr/lib/system/libsystem_platform.dylib
0x00007ff812f97000 	/usr/lib/system/libsystem_pthread.dylib
0x00007ff819765000 	/usr/lib/system/libsystem_symptoms.dylib
0x00007ff812d08000 	/usr/lib/system/libsystem_trace.dylib
0x00007ff81dd39000 	/usr/lib/system/libunwind.dylib
0x00007ff812ccc000 	/usr/lib/system/libxpc.dylib
0x00007ff812f49000 	/usr/lib/libc++abi.dylib
0x00007ff812e26000 	/usr/lib/libobjc.A.dylib
0x00007ff81dd44000 	/usr/lib/liboah.dylib
0x00007ff812ef0000 	/usr/lib/libc++.1.dylib
0x00007ff829dcd000 	/System/Library/Frameworks/Cocoa.framework/Versions/A/Cocoa
0x00007ff815a4a000 	/System/Library/Frameworks/AppKit.framework/Versions/C/AppKit
0x00007ff818f55000 	/System/Library/Frameworks/CoreData.framework/Versions/A/CoreData
0x00007ff813e56000 	/System/Library/Frameworks/Foundation.framework/Versions/C/Foundation
0x00007ff8168d8000 	/System/Library/PrivateFrameworks/UIFoundation.framework/Versions/A/UIFoundation
0x00007ff823cd7000 	/System/Library/PrivateFrameworks/RemoteViewServices.framework/Versions/A/RemoteViewServices
0x00007ff81bfc1000 	/System/Library/PrivateFrameworks/XCTTargetBootstrap.framework/Versions/A/XCTTargetBootstrap
0x00007ff81fb7d000 	/System/Library/PrivateFrameworks/InternationalSupport.framework/Versions/A/InternationalSupport
0x00007ff81fc07000 	/System/Library/PrivateFrameworks/UserActivity.framework/Versions/A/UserActivity
0x00007ff81ef5d000 	/usr/lib/libspindump.dylib
0x00007ff816b66000 	/System/Library/Frameworks/UniformTypeIdentifiers.framework/Versions/A/UniformTypeIdentifiers
0x00007ff81a6ea000 	/usr/lib/libapp_launch_measurement.dylib
0x00007ff819925000 	/System/Library/PrivateFrameworks/CoreAnalytics.framework/Versions/A/CoreAnalytics
0x00007ff81a6ed000 	/System/Library/PrivateFrameworks/CoreAutoLayout.framework/Versions/A/CoreAutoLayout
0x00007ff81b91b000 	/System/Library/Frameworks/Metal.framework/Versions/A/Metal
0x00007ff81c647000 	/usr/lib/liblangid.dylib
0x00007ff81bfc6000 	/System/Library/PrivateFrameworks/CoreSVG.framework/Versions/A/CoreSVG
0x00007ff817f4d000 	/System/Library/PrivateFrameworks/SkyLight.framework/Versions/A/SkyLight
0x00007ff8182eb000 	/System/Library/Frameworks/CoreGraphics.framework/Versions/A/CoreGraphics
0x00007ff824397000 	/System/Library/Frameworks/Accelerate.framework/Versions/A/Accelerate
0x00007ff81e9dc000 	/System/Library/PrivateFrameworks/IconServices.framework/Versions/A/IconServices
0x00007ff81b900000 	/System/Library/Frameworks/IOSurface.framework/Versions/A/IOSurface
0x00007ff819953000 	/usr/lib/libDiagnosticMessagesClient.dylib
0x00007ff827a7a000 	/System/Library/Frameworks/ApplicationServices.framework/Versions/A/ApplicationServices
0x00007ff81bfad000 	/System/Library/PrivateFrameworks/DFRFoundation.framework/Versions/A/DFRFoundation
0x00007ff815332000 	/usr/lib/libicucore.A.dylib
0x00007ff820972000 	/System/Library/Frameworks/AudioToolbox.framework/Versions/A/AudioToolbox
0x00007ff81fb89000 	/System/Library/PrivateFrameworks/DataDetectorsCore.framework/Versions/A/DataDetectorsCore
0x00007ff91bb16000 	/System/Library/PrivateFrameworks/TextInput.framework/Versions/A/TextInput
0x00007ff817ed0000 	/usr/lib/libMobileGestalt.dylib
0x00007ff81bcb9000 	/System/Library/Frameworks/Carbon.framework/Versions/A/Frameworks/HIToolbox.framework/Versions/A/HIToolbox
0x00007ff81a0f0000 	/System/Library/Frameworks/QuartzCore.framework/Versions/A/QuartzCore
0x00007ff814fd9000 	/System/Library/Frameworks/Security.framework/Versions/A/Security
0x00007ff823d0f000 	/System/Library/Frameworks/Carbon.framework/Versions/A/Frameworks/SpeechRecognition.framework/Versions/A/SpeechRecognition
0x00007ff81a44a000 	/System/Library/PrivateFrameworks/CoreUI.framework/Versions/A/CoreUI
0x00007ff8148a5000 	/System/Library/Frameworks/CoreAudio.framework/Versions/A/CoreAudio
0x00007ff819a42000 	/System/Library/Frameworks/DiskArbitration.framework/Versions/A/DiskArbitration
0x00007ff81f34b000 	/System/Library/PrivateFrameworks/MultitouchSupport.framework/Versions/A/MultitouchSupport
0x00007ff817ecf000 	/usr/lib/libenergytrace.dylib
0x00007ff815936000 	/System/Library/Frameworks/IOKit.framework/Versions/A/IOKit
0x00007ff8240ff000 	/System/Library/Frameworks/CoreServices.framework/Versions/A/CoreServices
0x00007ff81a684000 	/System/Library/PrivateFrameworks/PerformanceAnalysis.framework/Versions/A/PerformanceAnalysis
0x00007ffa2b03a000 	/System/Library/Frameworks/OpenGL.framework/Versions/A/OpenGL
0x00007ff81d2b0000 	/System/Library/PrivateFrameworks/MobileKeyBag.framework/Versions/A/MobileKeyBag
0x00007ff8189b6000 	/System/Library/Frameworks/ColorSync.framework/Versions/A/ColorSync
0x00007ff812fe4000 	/System/Library/Frameworks/CoreFoundation.framework/Versions/A/CoreFoundation
0x00007ff81c23d000 	/System/Library/Frameworks/CoreImage.framework/Versions/A/CoreImage
0x00007ff8146bd000 	/System/Library/Frameworks/CoreText.framework/Versions/A/CoreText
0x00007ff81bff6000 	/System/Library/Frameworks/ImageIO.framework/Versions/A/ImageIO
0x00007ff81dd7c000 	/System/Library/PrivateFrameworks/SoftLinking.framework/Versions/A/SoftLinking
0x00007ff81a735000 	/usr/lib/libxml2.2.dylib
0x00007ff81e000000 	/usr/lib/libcompression.dylib
0x00007ff81fab0000 	/System/Library/PrivateFrameworks/TextureIO.framework/Versions/A/TextureIO
0x00007ff81e6ee000 	/usr/lib/libate.dylib
0x00007ff81e4ca000 	/usr/lib/liblzma.5.dylib
0x00007ff813b69000 	/System/Library/Frameworks/SystemConfiguration.framework/Versions/A/SystemConfiguration
0x00007ff81dd78000 	/usr/lib/libfakelink.dylib
0x00007ff817a29000 	/System/Library/Frameworks/CFNetwork.framework/Versions/A/CFNetwork
0x00007ff81deb9000 	/usr/lib/libarchive.2.dylib
0x00007ff81c643000 	/System/Library/PrivateFrameworks/AppleSystemInfo.framework/Versions/A/AppleSystemInfo
0x00007ff81d3b1000 	/usr/lib/libbsm.0.dylib
0x00007ff81703c000 	/usr/lib/libnetwork.dylib
0x00007ff81dd11000 	/usr/lib/system/libkxld.dylib
0x00007ff81cfdd000 	/System/Library/PrivateFrameworks/IOMobileFramebuffer.framework/Versions/A/IOMobileFramebuffer
0x00007ffb2a541000 	/usr/lib/libCoreEntitlements.dylib
0x00007ff81da26000 	/System/Library/PrivateFrameworks/AppleFSCompression.framework/Versions/A/AppleFSCompression
0x00007ff81d399000 	/usr/lib/libcoretls.dylib
0x00007ff81e4e4000 	/usr/lib/libcoretls_cfhelpers.dylib
0x00007ff81dffb000 	/usr/lib/libpam.2.dylib
0x00007ff819385000 	/usr/lib/libsqlite3.dylib
0x00007ff81e553000 	/usr/lib/libxar.1.dylib
0x00007ff81da36000 	/usr/lib/libbz2.1.0.dylib
0x00007ff81dd7d000 	/usr/lib/libpcap.A.dylib
0x00007ff81975d000 	/usr/lib/libdns_services.dylib
0x00007ff81dfcb000 	/usr/lib/libapple_nghttp2.dylib
0x00007ff81ddb7000 	/usr/lib/libiconv.2.dylib
0x00007ff81dd0a000 	/usr/lib/libcharset.1.dylib
0x00007ff81a6b8000 	/System/Library/Frameworks/CoreServices.framework/Versions/A/Frameworks/FSEvents.framework/Versions/A/FSEvents
0x00007ff8155d0000 	/System/Library/Frameworks/CoreServices.framework/Versions/A/Frameworks/CarbonCore.framework/Versions/A/CarbonCore
0x00007ff8199a6000 	/System/Library/Frameworks/CoreServices.framework/Versions/A/Frameworks/Metadata.framework/Versions/A/Metadata
0x00007ff81da49000 	/System/Library/Frameworks/CoreServices.framework/Versions/A/Frameworks/OSServices.framework/Versions/A/OSServices
0x00007ff81df40000 	/System/Library/Frameworks/CoreServices.framework/Versions/A/Frameworks/SearchKit.framework/Versions/A/SearchKit
0x00007ff8196f0000 	/System/Library/Frameworks/CoreServices.framework/Versions/A/Frameworks/AE.framework/Versions/A/AE
0x00007ff8134e6000 	/System/Library/Frameworks/CoreServices.framework/Versions/A/Frameworks/LaunchServices.framework/Versions/A/LaunchServices
0x00007ff81e47b000 	/System/Library/Frameworks/CoreServices.framework/Versions/A/Frameworks/DictionaryServices.framework/Versions/A/DictionaryServices
0x00007ff81a6c5000 	/System/Library/Frameworks/CoreServices.framework/Versions/A/Frameworks/SharedFileList.framework/Versions/A/SharedFileList
0x00007ff81d38d000 	/usr/lib/libCheckFix.dylib
0x00007ff817f34000 	/System/Library/PrivateFrameworks/TCC.framework/Versions/A/TCC
0x00007ff81c649000 	/System/Library/PrivateFrameworks/CoreNLP.framework/Versions/A/CoreNLP
0x00007ff819956000 	/System/Library/PrivateFrameworks/MetadataUtilities.framework/Versions/A/MetadataUtilities
0x00007ff813c19000 	/usr/lib/libmecabra.dylib
0x00007ff81d3c1000 	/usr/lib/libmecab.dylib
0x00007ff813be4000 	/usr/lib/libCRFSuite.dylib
0x00007ff81d41b000 	/usr/lib/libgermantok.dylib
0x00007ff81dfa6000 	/usr/lib/libThaiTokenizer.dylib
0x00007ff819a49000 	/System/Library/Frameworks/Accelerate.framework/Versions/A/Frameworks/vImage.framework/Versions/A/vImage
0x00007ff8240d6000 	/System/Library/Frameworks/Accelerate.framework/Versions/A/Frameworks/vecLib.framework/Versions/A/vecLib
0x00007ff81e594000 	/System/Library/Frameworks/Accelerate.framework/Versions/A/Frameworks/vecLib.framework/Versions/A/libvMisc.dylib
0x00007ff81ce08000 	/System/Library/Frameworks/Accelerate.framework/Versions/A/Frameworks/vecLib.framework/Versions/A/libvDSP.dylib
0x00007ff813860000 	/System/Library/Frameworks/Accelerate.framework/Versions/A/Frameworks/vecLib.framework/Versions/A/libBLAS.dylib
0x00007ff81e0dd000 	/System/Library/Frameworks/Accelerate.framework/Versions/A/Frameworks/vecLib.framework/Versions/A/libLAPACK.dylib
0x00007ff81d41e000 	/System/Library/Frameworks/Accelerate.framework/Versions/A/Frameworks/vecLib.framework/Versions/A/libLinearAlgebra.dylib
0x00007ff81dfe3000 	/System/Library/Frameworks/Accelerate.framework/Versions/A/Frameworks/vecLib.framework/Versions/A/libSparseBLAS.dylib
0x00007ff81e0d7000 	/System/Library/Frameworks/Accelerate.framework/Versions/A/Frameworks/vecLib.framework/Versions/A/libQuadrature.dylib
0x00007ff81c734000 	/System/Library/Frameworks/Accelerate.framework/Versions/A/Frameworks/vecLib.framework/Versions/A/libBNNS.dylib
0x00007ff813afa000 	/System/Library/Frameworks/Accelerate.framework/Versions/A/Frameworks/vecLib.framework/Versions/A/libSparse.dylib
0x00007ff81c72d000 	/System/Library/PrivateFrameworks/LinguisticData.framework/Versions/A/LinguisticData
0x00007ff813ab0000 	/System/Library/PrivateFrameworks/Lexicon.framework/Versions/A/Lexicon
0x00007ff81e58d000 	/usr/lib/libChineseTokenizer.dylib
0x00007ff814212000 	/System/Library/PrivateFrameworks/LanguageModeling.framework/Versions/A/LanguageModeling
0x00007ff81dfa8000 	/System/Library/PrivateFrameworks/AppleSauce.framework/Versions/A/AppleSauce
0x00007ff81cfcb000 	/System/Library/PrivateFrameworks/CoreEmoji.framework/Versions/A/CoreEmoji
0x00007ff81dea8000 	/usr/lib/libcmph.dylib
0x00007ff81a69c000 	/System/Library/Frameworks/OpenDirectory.framework/Versions/A/Frameworks/CFOpenDirectory.framework/Versions/A/CFOpenDirectory
0x00007ff81a690000 	/System/Library/Frameworks/OpenDirectory.framework/Versions/A/OpenDirectory
0x00007ff81e4e6000 	/System/Library/PrivateFrameworks/APFS.framework/Versions/A/APFS
0x00007ff81d2e8000 	/System/Library/Frameworks/SecurityFoundation.framework/Versions/A/SecurityFoundation
0x00007ff81e561000 	/usr/lib/libutil.dylib
0x00007ff8158fa000 	/System/Library/PrivateFrameworks/CoreServicesStore.framework/Versions/A/CoreServicesStore
0x00007ff81e565000 	/usr/lib/libxslt.1.dylib
0x00007ff81d375000 	/System/Library/PrivateFrameworks/BackgroundTaskManagement.framework/Versions/A/BackgroundTaskManagement
0x00007ff81f9d0000 	/System/Library/Frameworks/ImageIO.framework/Versions/A/Resources/libRadiance.dylib
0x00007ff81f9d9000 	/System/Library/Frameworks/ImageIO.framework/Versions/A/Resources/libJPEG.dylib
0x00007ff81f92a000 	/System/Library/Frameworks/ImageIO.framework/Versions/A/Resources/libPng.dylib
0x00007ff81f94b000 	/System/Library/Frameworks/ImageIO.framework/Versions/A/Resources/libTIFF.dylib
0x00007ff81fa39000 	/System/Library/Frameworks/ImageIO.framework/Versions/A/Resources/libGIF.dylib
0x00007ff81f265000 	/System/Library/Frameworks/ImageIO.framework/Versions/A/Resources/libJP2.dylib
0x00007ff81e9a3000 	/usr/lib/libexpat.1.dylib
0x00007ff81f21a000 	/System/Library/PrivateFrameworks/AppleJPEG.framework/Versions/A/AppleJPEG
0x00007ff81bb7d000 	/System/Library/PrivateFrameworks/FontServices.framework/libFontParser.dylib
0x00007ff81969a000 	/System/Library/PrivateFrameworks/RunningBoardServices.framework/Versions/A/RunningBoardServices
0x00007ff82a385000 	/System/Library/PrivateFrameworks/IOSurfaceAccelerator.framework/Versions/A/IOSurfaceAccelerator
0x00007ff81f347000 	/System/Library/PrivateFrameworks/WatchdogClient.framework/Versions/A/WatchdogClient
0x00007ff814300000 	/System/Library/Frameworks/CoreDisplay.framework/Versions/A/CoreDisplay
0x00007ff81ba7b000 	/System/Library/Frameworks/CoreMedia.framework/Versions/A/CoreMedia
0x00007ff81b912000 	/System/Library/PrivateFrameworks/IOAccelerator.framework/Versions/A/IOAccelerator
0x00007ff81a819000 	/System/Library/Frameworks/CoreVideo.framework/Versions/A/CoreVideo
0x00007ff81dff9000 	/System/Library/Frameworks/MetalPerformanceShaders.framework/Versions/A/MetalPerformanceShaders
0x00007ff81f384000 	/System/Library/Frameworks/VideoToolbox.framework/Versions/A/VideoToolbox
0x00007ff8195e4000 	/System/Library/PrivateFrameworks/BaseBoard.framework/Versions/A/BaseBoard
0x00007ff81936b000 	/System/Library/PrivateFrameworks/ProtocolBuffer.framework/Versions/A/ProtocolBuffer
0x00007ff81f9c9000 	/System/Library/PrivateFrameworks/GPUWrangler.framework/Versions/A/GPUWrangler
0x00007ff81f9ad000 	/System/Library/PrivateFrameworks/IOPresentment.framework/Versions/A/IOPresentment
0x00007ff81f9d3000 	/System/Library/PrivateFrameworks/DSExternalDisplay.framework/Versions/A/DSExternalDisplay
0x00007ffa2b02e000 	/System/Library/Frameworks/OpenGL.framework/Versions/A/Libraries/libCoreFSCache.dylib
0x00007ffb17cea000 	/System/Library/PrivateFrameworks/GPUCompiler.framework/Versions/31001/Libraries/libGPUCompilerUtils.dylib
0x00007ff81fa3e000 	/System/Library/PrivateFrameworks/CMCaptureCore.framework/Versions/A/CMCaptureCore
0x00007ff81ef4b000 	/System/Library/PrivateFrameworks/AppServerSupport.framework/Versions/A/AppServerSupport
0x00007ff82120a000 	/System/Library/PrivateFrameworks/perfdata.framework/Versions/A/perfdata
0x00007ff81442c000 	/System/Library/PrivateFrameworks/AudioToolboxCore.framework/Versions/A/AudioToolboxCore
0x00007ff81ba59000 	/System/Library/PrivateFrameworks/caulk.framework/Versions/A/caulk
0x00007ff820b1c000 	/usr/lib/libAudioStatistics.dylib
0x00007ff9182c4000 	/System/Library/PrivateFrameworks/SystemPolicy.framework/Versions/A/SystemPolicy
0x00007ff820d77000 	/usr/lib/libSMC.dylib
0x00007ff829c80000 	/System/Library/Frameworks/CoreMIDI.framework/Versions/A/CoreMIDI
0x00007ff81f8f9000 	/usr/lib/libAudioToolboxUtility.dylib
0x00007ff914567000 	/System/Library/PrivateFrameworks/OSAServicesClient.framework/Versions/A/OSAServicesClient
0x00007ff821217000 	/usr/lib/libperfcheck.dylib
0x00007ff918d6e000 	/usr/lib/libmis.dylib
0x00007ffa2b089000 	/System/Library/Frameworks/OpenGL.framework/Versions/A/Libraries/libGLU.dylib
0x00007ffa2b04d000 	/System/Library/Frameworks/OpenGL.framework/Versions/A/Libraries/libGFXShared.dylib
0x00007ffa2b256000 	/System/Library/Frameworks/OpenGL.framework/Versions/A/Libraries/libGL.dylib
0x00007ffa2b056000 	/System/Library/Frameworks/OpenGL.framework/Versions/A/Libraries/libGLImage.dylib
0x00007ffa2b04a000 	/System/Library/Frameworks/OpenGL.framework/Versions/A/Libraries/libCVMSPluginSupport.dylib
0x00007ffa2b035000 	/System/Library/Frameworks/OpenGL.framework/Versions/A/Libraries/libCoreVMClient.dylib
0x00007ff81c5c5000 	/System/Library/Frameworks/MetalPerformanceShaders.framework/Versions/A/Frameworks/MPSCore.framework/Versions/A/MPSCore
0x00007ff81d991000 	/System/Library/Frameworks/MetalPerformanceShaders.framework/Versions/A/Frameworks/MPSImage.framework/Versions/A/MPSImage
0x00007ff81d434000 	/System/Library/Frameworks/MetalPerformanceShaders.framework/Versions/A/Frameworks/MPSNeuralNetwork.framework/Versions/A/MPSNeuralNetwork
0x00007ff81d8a8000 	/System/Library/Frameworks/MetalPerformanceShaders.framework/Versions/A/Frameworks/MPSMatrix.framework/Versions/A/MPSMatrix
0x00007ff81d663000 	/System/Library/Frameworks/MetalPerformanceShaders.framework/Versions/A/Frameworks/MPSRayIntersector.framework/Versions/A/MPSRayIntersector
0x00007ff81d8e0000 	/System/Library/Frameworks/MetalPerformanceShaders.framework/Versions/A/Frameworks/MPSNDArray.framework/Versions/A/MPSNDArray
0x00007ffa2ffb6000 	/System/Library/Frameworks/MetalPerformanceShaders.framework/Versions/A/Frameworks/MPSFunctions.framework/Versions/A/MPSFunctions
0x00007ff81373d000 	/System/Library/PrivateFrameworks/MetalTools.framework/Versions/A/MetalTools
0x00007ff81c641000 	/System/Library/PrivateFrameworks/AggregateDictionary.framework/Versions/A/AggregateDictionary
0x00007ff81e785000 	/usr/lib/libIOReport.dylib
0x00007ffa2c665000 	/System/Library/Frameworks/OpenCL.framework/Versions/A/OpenCL
0x00007ff81eae9000 	/System/Library/PrivateFrameworks/FaceCore.framework/Versions/A/FaceCore
0x00007ff81eada000 	/System/Library/PrivateFrameworks/GraphVisualizer.framework/Versions/A/GraphVisualizer
0x00007ffb17bf5000 	/System/Library/PrivateFrameworks/FontServices.framework/Versions/A/FontServices
0x00007ff81ef03000 	/System/Library/PrivateFrameworks/OTSVG.framework/Versions/A/OTSVG
0x00007ff81a400000 	/System/Library/Frameworks/ApplicationServices.framework/Versions/A/Frameworks/ATS.framework/Versions/A/Resources/libFontRegistry.dylib
0x00007ff81ef53000 	/System/Library/PrivateFrameworks/FontServices.framework/libhvf.dylib
0x00007ffb17bf6000 	/System/Library/PrivateFrameworks/FontServices.framework/libXTFontStaticRegistryData.dylib
0x00007ff81e953000 	/System/Library/PrivateFrameworks/AppleVA.framework/Versions/A/AppleVA
0x00007ff820b3c000 	/System/Library/Frameworks/ApplicationServices.framework/Versions/A/Frameworks/ATS.framework/Versions/A/ATS
0x00007ff818ab2000 	/System/Library/Frameworks/ApplicationServices.framework/Versions/A/Frameworks/HIServices.framework/Versions/A/HIServices
0x00007ff81fa48000 	/System/Library/Frameworks/ApplicationServices.framework/Versions/A/Frameworks/PrintCore.framework/Versions/A/PrintCore
0x00007ff820eca000 	/System/Library/Frameworks/ApplicationServices.framework/Versions/A/Frameworks/QD.framework/Versions/A/QD
0x00007ff820ec2000 	/System/Library/Frameworks/ApplicationServices.framework/Versions/A/Frameworks/ColorSyncLegacy.framework/Versions/A/ColorSyncLegacy
0x00007ff820b2c000 	/System/Library/Frameworks/ApplicationServices.framework/Versions/A/Frameworks/SpeechSynthesis.framework/Versions/A/SpeechSynthesis
0x00007ff81fa09000 	/System/Library/Frameworks/ApplicationServices.framework/Versions/A/Frameworks/ATSUI.framework/Versions/A/ATSUI
0x00007ff820e57000 	/usr/lib/libcups.2.dylib
0x00007ff821226000 	/System/Library/Frameworks/Kerberos.framework/Versions/A/Kerberos
0x00007ff821235000 	/System/Library/Frameworks/GSS.framework/Versions/A/GSS
0x00007ff820ba8000 	/usr/lib/libresolv.9.dylib
0x00007ff81ef62000 	/System/Library/PrivateFrameworks/Heimdal.framework/Versions/A/Heimdal
0x00007ff827e02000 	/System/Library/Frameworks/Kerberos.framework/Versions/A/Libraries/libHeimdalProxy.dylib
0x00007ff81976d000 	/System/Library/Frameworks/Network.framework/Versions/A/Network
0x00007ff81e9bd000 	/usr/lib/libheimdal-asn1.dylib
0x00007ff821280000 	/System/Library/PrivateFrameworks/CommonAuth.framework/Versions/A/CommonAuth
0x00007ff820aae000 	/System/Library/PrivateFrameworks/AudioSession.framework/Versions/A/AudioSession
0x00007ff81ea4d000 	/System/Library/PrivateFrameworks/MediaExperience.framework/Versions/A/MediaExperience
0x00007ff820941000 	/System/Library/PrivateFrameworks/AudioSession.framework/libSessionUtility.dylib
0x00007ff820ed6000 	/System/Library/PrivateFrameworks/AudioResourceArbitration.framework/Versions/A/AudioResourceArbitration
0x00007ff824f49000 	/System/Library/PrivateFrameworks/PowerLog.framework/Versions/A/PowerLog
0x00007ff81e9c6000 	/System/Library/PrivateFrameworks/IconFoundation.framework/Versions/A/IconFoundation
0x00007ff823cff000 	/System/Library/PrivateFrameworks/SpeechRecognitionCore.framework/Versions/A/SpeechRecognitionCore
0x0000000105ea1000 	/System/Library/CoreServices/Encodings/libCyrillicConverter.dylib
0x0000000106ed2000 	/Users/dierumurzakov/Library/Java/JavaVirtualMachines/openjdk-17.0.2/Contents/Home/lib/server/libjvm.dylib
0x0000000105e8f000 	/Users/dierumurzakov/Library/Java/JavaVirtualMachines/openjdk-17.0.2/Contents/Home/lib/libjimage.dylib
0x0000000105ec4000 	/Users/dierumurzakov/Library/Java/JavaVirtualMachines/openjdk-17.0.2/Contents/Home/lib/libinstrument.dylib
0x0000000105f06000 	/Users/dierumurzakov/Library/Java/JavaVirtualMachines/openjdk-17.0.2/Contents/Home/lib/libjava.dylib
0x0000000106d91000 	/Users/dierumurzakov/Library/Java/JavaVirtualMachines/openjdk-17.0.2/Contents/Home/lib/libnio.dylib
0x0000000106dad000 	/Users/dierumurzakov/Library/Java/JavaVirtualMachines/openjdk-17.0.2/Contents/Home/lib/libnet.dylib
0x0000000106dcd000 	/Users/dierumurzakov/Library/Java/JavaVirtualMachines/openjdk-17.0.2/Contents/Home/lib/libzip.dylib
0x0000000106de1000 	/Users/dierumurzakov/.openjfx/cache/17.0.1/libprism_es2.dylib
0x00007ff8158bc000 	/System/Library/PrivateFrameworks/CoreServicesInternal.framework/Versions/A/CoreServicesInternal
0x00007ffa2b261000 	/System/Library/Frameworks/OpenGL.framework/Versions/A/Resources/GLEngine.bundle/GLEngine
0x00007ffa2b0c7000 	/System/Library/Frameworks/OpenGL.framework/Versions/A/Libraries/libGLProgrammability.dylib
0x00007ffa200e2000 	/System/Library/Extensions/AppleIntelKBLGraphicsGLDriver.bundle/Contents/MacOS/AppleIntelKBLGraphicsGLDriver
0x00007ff922ea8000 	/System/Library/PrivateFrameworks/GPUSupport.framework/Versions/A/Libraries/libGPUSupportMercury.dylib
0x00007ffa2b3eb000 	/System/Library/Frameworks/OpenGL.framework/Versions/A/Resources/GLRendererFloat.bundle/GLRendererFloat
0x000000010d207000 	/Users/dierumurzakov/.openjfx/cache/17.0.1/libglass.dylib
0x00007ff82553a000 	/System/Library/Frameworks/FileProvider.framework/Versions/A/FileProvider
0x00007ff819551000 	/System/Library/Frameworks/Accounts.framework/Versions/A/Accounts
0x00007ff8256b3000 	/System/Library/PrivateFrameworks/GenerationalStorage.framework/Versions/A/GenerationalStorage
0x00007ff8261c6000 	/System/Library/PrivateFrameworks/CoreSymbolication.framework/Versions/A/CoreSymbolication
0x00007ff824f3e000 	/System/Library/PrivateFrameworks/SymptomDiagnosticReporter.framework/Versions/A/SymptomDiagnosticReporter
0x00007ff816b7a000 	/System/Library/PrivateFrameworks/DesktopServicesPriv.framework/Versions/A/DesktopServicesPriv
0x00007ff8159fb000 	/usr/lib/libsandbox.1.dylib
0x00007ff81a898000 	/System/Library/PrivateFrameworks/UserManagement.framework/Versions/A/UserManagement
0x00007ff82618b000 	/System/Library/PrivateFrameworks/DebugSymbols.framework/Versions/A/DebugSymbols
0x00007ff820eb7000 	/System/Library/PrivateFrameworks/NetAuth.framework/Versions/A/NetAuth
0x00007ff821dc4000 	/System/Library/PrivateFrameworks/Sharing.framework/Versions/A/Sharing
0x00007ff81a86b000 	/System/Library/PrivateFrameworks/login.framework/Versions/A/Frameworks/loginsupport.framework/Versions/A/loginsupport
0x00007ff827329000 	/System/Library/PrivateFrameworks/Apple80211.framework/Versions/A/Apple80211
0x00007ff81da76000 	/System/Library/PrivateFrameworks/AuthKit.framework/Versions/A/AuthKit
0x00007ff81d0c1000 	/System/Library/PrivateFrameworks/CoreUtils.framework/Versions/A/CoreUtils
0x00007ff81cfe8000 	/System/Library/Frameworks/CoreWLAN.framework/Versions/A/CoreWLAN
0x00007ff821f23000 	/System/Library/Frameworks/IOBluetooth.framework/Versions/A/IOBluetooth
0x00007ff827391000 	/System/Library/PrivateFrameworks/CoreWiFi.framework/Versions/A/CoreWiFi
0x00007ff825d5d000 	/System/Library/PrivateFrameworks/FrontBoardServices.framework/Versions/A/FrontBoardServices
0x00007ff825dee000 	/System/Library/PrivateFrameworks/BoardServices.framework/Versions/A/BoardServices
0x00007ff81d2d7000 	/System/Library/PrivateFrameworks/AssertionServices.framework/Versions/A/AssertionServices
0x00007ff827514000 	/System/Library/PrivateFrameworks/BackBoardServices.framework/Versions/A/BackBoardServices
0x00007ff821311000 	/System/Library/PrivateFrameworks/CorePhoneNumbers.framework/Versions/A/CorePhoneNumbers
0x00007ff82505b000 	/System/Library/PrivateFrameworks/DiskManagement.framework/Versions/A/DiskManagement
0x00007ff824f6f000 	/System/Library/PrivateFrameworks/AppleIDAuthSupport.framework/Versions/A/AppleIDAuthSupport
0x00007ffa32577000 	/System/Library/PrivateFrameworks/AAAFoundation.framework/Versions/A/AAAFoundation
0x00007ff8212f2000 	/System/Library/PrivateFrameworks/KeychainCircle.framework/Versions/A/KeychainCircle
0x00007ff825027000 	/System/Library/PrivateFrameworks/MediaKit.framework/Versions/A/MediaKit
0x00007ff824f7b000 	/System/Library/Frameworks/DiscRecording.framework/Versions/A/DiscRecording
0x00007ff81e8cb000 	/usr/lib/libCoreStorage.dylib
0x00007ff827802000 	/usr/lib/libcsfde.dylib
0x00007ff821ff0000 	/System/Library/PrivateFrameworks/ProtectedCloudStorage.framework/Versions/A/ProtectedCloudStorage
0x00007ff8277fe000 	/System/Library/PrivateFrameworks/EFILogin.framework/Versions/A/EFILogin
0x00007ff8256d9000 	/System/Library/PrivateFrameworks/OctagonTrust.framework/Versions/A/OctagonTrust
0x00007ffb16e64000 	/System/Library/PrivateFrameworks/CoreUtilsExtras.framework/Versions/A/CoreUtilsExtras
0x00007ff824ea2000 	/System/Library/Frameworks/CoreBluetooth.framework/Versions/A/CoreBluetooth
0x00007ff827e87000 	/System/Library/Frameworks/AudioUnit.framework/Versions/A/AudioUnit
0x00007ff81e8c3000 	/usr/lib/libMatch.1.dylib
0x00007ff91d347000 	/System/Library/Frameworks/Accelerate.framework/Versions/A/Frameworks/vImage.framework/Versions/A/Libraries/libCGInterfaces.dylib
0x000000010d7ac000 	/usr/lib/libobjc-trampolines.dylib
0x00007ff81a590000 	/System/Library/PrivateFrameworks/ViewBridge.framework/Versions/A/ViewBridge


VM Arguments:
jvm_args: -javaagent:/Applications/IntelliJ IDEA.app/Contents/lib/idea_rt.jar=52350:/Applications/IntelliJ IDEA.app/Contents/bin -Dfile.encoding=UTF-8 --module-path=/Users/dierumurzakov/.m2/repository/eu/hansolo/tilesfx/11.48/tilesfx-11.48.jar:/Users/dierumurzakov/.m2/repository/org/openjfx/javafx-media/17.0.1/javafx-media-17.0.1-mac.jar:/Users/dierumurzakov/.m2/repository/com/dlsc/formsfx/formsfx-core/11.3.2/formsfx-core-11.3.2.jar:/Users/dierumurzakov/.m2/repository/org/controlsfx/controlsfx/11.1.0/controlsfx-11.1.0.jar:/Users/dierumurzakov/.m2/repository/org/kordamp/ikonli/ikonli-javafx/12.2.0/ikonli-javafx-12.2.0.jar:/Users/dierumurzakov/.m2/repository/org/kordamp/bootstrapfx/bootstrapfx-core/0.4.0/bootstrapfx-core-0.4.0.jar:/Users/dierumurzakov/.m2/repository/net/synedra/validatorfx/0.1.13/validatorfx-0.1.13.jar:/Users/dierumurzakov/IdeaProjects/CourseProject2/target/classes:/Users/dierumurzakov/.m2/repository/org/openjfx/javafx-controls/17.0.1/javafx-controls-17.0.1-mac.jar:/Users/dierumurzakov/.m2/repository/org/kordamp/ikonli/ikonli-core/12.2.0/ikonli-core-12.2.0.jar:/Users/dierumurzakov/.m2/repository/org/openjfx/javafx-base/17.0.1/javafx-base-17.0.1-mac.jar:/Users/dierumurzakov/.m2/repository/org/openjfx/javafx-graphics/17.0.1/javafx-graphics-17.0.1-mac.jar:/Users/dierumurzakov/.m2/repository/org/openjfx/javafx-fxml/17.0.1/javafx-fxml-17.0.1-mac.jar:/Users/dierumurzakov/.m2/repository/org/openjfx/javafx-web/17.0.1/javafx-web-17.0.1-mac.jar -Djdk.module.main=com.example.courseproject2 
java_command: com.example.courseproject2/com.example.courseproject2.App
java_class_path (initial): /Users/dierumurzakov/Downloads/mysql-connector-java-8.0.28/mysql-connector-java-8.0.28.jar:/Users/dierumurzakov/.m2/repository/org/openjfx/javafx-controls/17.0.1/javafx-controls-17.0.1.jar:/Users/dierumurzakov/.m2/repository/org/openjfx/javafx-graphics/17.0.1/javafx-graphics-17.0.1.jar:/Users/dierumurzakov/.m2/repository/org/openjfx/javafx-base/17.0.1/javafx-base-17.0.1.jar:/Users/dierumurzakov/.m2/repository/org/openjfx/javafx-fxml/17.0.1/javafx-fxml-17.0.1.jar:/Users/dierumurzakov/.m2/repository/org/openjfx/javafx-web/17.0.1/javafx-web-17.0.1.jar:/Users/dierumurzakov/.m2/repository/org/openjfx/javafx-media/17.0.1/javafx-media-17.0.1.jar
Launcher Type: SUN_STANDARD

[Global flags]
     intx CICompilerCount                          = 3                                         {product} {ergonomic}
     uint ConcGCThreads                            = 1                                         {product} {ergonomic}
     uint G1ConcRefinementThreads                  = 4                                         {product} {ergonomic}
   size_t G1HeapRegionSize                         = 1048576                                   {product} {ergonomic}
    uintx GCDrainStackTargetSize                   = 64                                        {product} {ergonomic}
   size_t InitialHeapSize                          = 134217728                                 {product} {ergonomic}
   size_t MarkStackSize                            = 4194304                                   {product} {ergonomic}
   size_t MaxHeapSize                              = 2147483648                                {product} {ergonomic}
   size_t MaxNewSize                               = 1287651328                                {product} {ergonomic}
   size_t MinHeapDeltaBytes                        = 1048576                                   {product} {ergonomic}
   size_t MinHeapSize                              = 8388608                                   {product} {ergonomic}
    uintx NonNMethodCodeHeapSize                   = 5832780                                {pd product} {ergonomic}
    uintx NonProfiledCodeHeapSize                  = 122912730                              {pd product} {ergonomic}
    uintx ProfiledCodeHeapSize                     = 122912730                              {pd product} {ergonomic}
    uintx ReservedCodeCacheSize                    = 251658240                              {pd product} {ergonomic}
     bool SegmentedCodeCache                       = true                                      {product} {ergonomic}
   size_t SoftMaxHeapSize                          = 2147483648                             {manageable} {ergonomic}
     bool UseCompressedClassPointers               = true                           {product lp64_product} {ergonomic}
     bool UseCompressedOops                        = true                           {product lp64_product} {ergonomic}
     bool UseG1GC                                  = true                                      {product} {ergonomic}
     bool UseNUMA                                  = false                                     {product} {ergonomic}
     bool UseNUMAInterleaving                      = false                                     {product} {ergonomic}

Logging:
Log output configuration:
 #0: stdout all=warning uptime,level,tags
 #1: stderr all=off uptime,level,tags

Environment Variables:
PATH=/Library/Frameworks/Python.framework/Versions/3.10/bin:/usr/local/bin:/usr/bin:/bin:/usr/sbin:/sbin:/Applications/VMware Fusion.app/Contents/Public
SHELL=/bin/zsh
LC_CTYPE=ru_KG.UTF-8

Signal Handlers:
   SIGSEGV: _ZL13crash_handleriP9__siginfoPv in libjvm.dylib, mask=11100110000111110111111111111111, flags=SA_RESTART|SA_SIGINFO
    SIGBUS: _ZL13crash_handleriP9__siginfoPv in libjvm.dylib, mask=11100110000111110111111111111111, flags=SA_RESTART|SA_SIGINFO
    SIGFPE: _ZL13crash_handleriP9__siginfoPv in libjvm.dylib, mask=11100110000111110111111111111111, flags=SA_RESTART|SA_SIGINFO
   SIGPIPE: _ZL17javaSignalHandleriP9__siginfoPv in libjvm.dylib, mask=11100110000111110111111111111111, flags=SA_RESTART|SA_SIGINFO
   SIGXFSZ: _ZL17javaSignalHandleriP9__siginfoPv in libjvm.dylib, mask=11100110000111110111111111111111, flags=SA_RESTART|SA_SIGINFO
    SIGILL: _ZL13crash_handleriP9__siginfoPv in libjvm.dylib, mask=11100110000111110111111111111111, flags=SA_RESTART|SA_SIGINFO
   SIGUSR2: _ZL10SR_handleriP9__siginfoP17__darwin_ucontext in libjvm.dylib, mask=00100000000000000000000000000000, flags=SA_RESTART|SA_SIGINFO
    SIGHUP: _ZL11UserHandleriPvS_ in libjvm.dylib, mask=11100110000111110111111111111111, flags=SA_RESTART|SA_SIGINFO
    SIGINT: _ZL11UserHandleriPvS_ in libjvm.dylib, mask=11100110000111110111111111111111, flags=SA_RESTART|SA_SIGINFO
   SIGTERM: _ZL11UserHandleriPvS_ in libjvm.dylib, mask=11100110000111110111111111111111, flags=SA_RESTART|SA_SIGINFO
   SIGQUIT: _ZL11UserHandleriPvS_ in libjvm.dylib, mask=11100110000111110111111111111111, flags=SA_RESTART|SA_SIGINFO
   SIGTRAP: _ZL13crash_handleriP9__siginfoPv in libjvm.dylib, mask=11100110000111110111111111111111, flags=SA_RESTART|SA_SIGINFO


---------------  S Y S T E M  ---------------

OS:
uname: Darwin 21.4.0 Darwin Kernel Version 21.4.0: Fri Mar 18 00:45:05 PDT 2022; root:xnu-8020.101.4~15/RELEASE_X86_64 x86_64
OS uptime: 10 days 22:21 hours
rlimit (soft/hard): STACK 8192k/65532k , CORE 0k/infinity , NPROC 1392/2088 , NOFILE 10240/infinity , AS infinity/infinity , CPU infinity/infinity , DATA infinity/infinity , FSIZE infinity/infinity , MEMLOCK infinity/infinity , RSS infinity/infinity
load average: 1.81 2.83 2.97

CPU: total 4 (initial active 4) (2 cores per cpu, 2 threads per core) family 6 model 142 stepping 9 microcode 0xec, cx8, cmov, fxsr, ht, mmx, 3dnowpref, sse, sse2, sse3, ssse3, sse4.1, sse4.2, popcnt, lzcnt, tsc, tscinvbit, avx, avx2, aes, erms, clmul, bmi1, bmi2, rtm, adx, fma, vzeroupper, clflush, clflushopt

Memory: 4k page, physical 8388608k(239640k free), swap 6291456k(614144k free)

vm_info: OpenJDK 64-Bit Server VM (17.0.2+8-86) for bsd-amd64 JRE (17.0.2+8-86), built on Dec  7 2021 21:47:33 by "mach5one" with clang Apple LLVM 12.0.0 (clang-1200.0.32.29)

END.
